{
"contracts/aa/LeetSmartWallet.sol":{"l":{"109":47,"110":47,"114":0,"115":0,"119":10,"120":9,"124":9,"125":8,"131":38,"141":36,"142":36,"144":36,"145":36,"146":36,"147":36,"148":36,"149":36,"150":36,"152":36,"169":0,"171":0,"172":0,"173":0,"181":0,"182":0,"185":0,"186":0,"190":0,"191":0,"194":0,"197":0,"210":7,"212":6,"213":6,"215":6,"216":6,"227":1,"229":1,"230":1,"232":1,"233":1,"236":1,"238":1,"239":2,"240":2,"241":2,"242":2,"250":8,"251":1,"252":1,"255":8,"256":7,"260":1,"261":1,"267":30,"268":30,"269":29,"271":28,"277":28,"279":28,"283":1,"285":1,"288":1,"289":1,"290":1,"291":1,"292":1,"296":1,"300":8,"301":8,"307":8,"308":7,"309":7,"311":7,"314":7,"315":7,"316":7,"317":7,"318":7,"319":7,"321":7,"323":7,"324":7,"328":3,"329":3,"330":3,"332":3,"333":3,"335":3,"339":3,"340":3,"341":2,"342":1,"344":1,"345":1,"347":1,"348":1,"349":1,"352":1,"354":1,"355":1,"359":1,"361":1,"362":1,"364":1,"376":3,"377":3,"379":2,"389":2,"393":1,"394":1,"395":1,"406":5,"407":4,"408":4,"412":2,"413":1,"414":1,"423":2,"424":2,"425":1,"427":1,"433":2,"443":3,"458":1,"459":1,"460":0,"462":1},"path":"/Users/psavelis/github.com/leetgaming-pro/replay-api/test/blockchain/contracts/aa/LeetSmartWallet.sol","s":{"1":47,"2":0,"3":10,"4":9,"5":38,"6":36,"7":36,"8":36,"9":0,"10":0,"11":0,"12":0,"13":0,"14":0,"15":0,"16":0,"17":0,"18":0,"19":0,"20":7,"21":6,"22":6,"23":6,"24":6,"25":1,"26":1,"27":1,"28":1,"29":1,"30":2,"31":2,"32":2,"33":8,"34":8,"35":1,"36":30,"37":30,"38":29,"39":28,"40":28,"41":1,"42":1,"43":1,"44":1,"45":1,"46":8,"47":8,"48":7,"49":7,"50":7,"51":7,"52":7,"53":3,"54":3,"55":3,"56":3,"57":3,"58":3,"59":2,"60":1,"61":1,"62":1,"63":1,"64":1,"65":1,"66":1,"67":1,"68":3,"69":3,"70":2,"71":1,"72":1,"73":5,"74":4,"75":2,"76":1,"77":2,"78":2,"79":1,"80":1,"81":2,"82":3,"83":1,"84":1,"85":1},"b":{"1":[47,0],"2":[0,0],"3":[9,1],"4":[8,1],"5":[8,1],"6":[36,3],"7":[36,0],"8":[36,0],"9":[0,0],"10":[0,0],"11":[0,0],"12":[0,0],"13":[0,0],"14":[8,1],"15":[7,1],"16":[6,0],"17":[1,0],"18":[1,0],"19":[1,0],"20":[2,0],"21":[1,7],"22":[7,1],"23":[1,0],"24":[30,0],"25":[30,0],"26":[29,1],"27":[28,1],"28":[1,0],"29":[1,0],"30":[1,0],"31":[8,0],"32":[8,0],"33":[7,1],"34":[7,0],"35":[7,0],"36":[7,0],"37":[3,0],"38":[3,0],"39":[3,0],"40":[3,0],"41":[2,1],"42":[1,1],"43":[1,0],"44":[1,0],"45":[1,0],"46":[3,0],"47":[3,0],"48":[2,1],"49":[1,0],"50":[1,0],"51":[4,1],"52":[3,1],"53":[2,0],"54":[1,1],"55":[1,1],"56":[0,1],"57":[1,0],"58":[0,0]},"f":{"1":47,"2":0,"3":10,"4":9,"5":38,"6":36,"7":0,"8":0,"9":7,"10":1,"11":8,"12":1,"13":30,"14":1,"15":8,"16":8,"17":3,"18":3,"19":1,"20":3,"21":1,"22":1,"23":5,"24":2,"25":2,"26":2,"27":3,"28":1,"29":0},"fnMap":{"1":{"name":"onlyOwner","line":108,"loc":{"start":{"line":108,"column":4},"end":{"line":111,"column":4}}},"2":{"name":"onlyEntryPoint","line":113,"loc":{"start":{"line":113,"column":4},"end":{"line":116,"column":4}}},"3":{"name":"onlyOwnerOrEntryPoint","line":118,"loc":{"start":{"line":118,"column":4},"end":{"line":121,"column":4}}},"4":{"name":"notFrozen","line":123,"loc":{"start":{"line":123,"column":4},"end":{"line":126,"column":4}}},"5":{"name":"constructor","line":130,"loc":{"start":{"line":130,"column":4},"end":{"line":132,"column":4}}},"6":{"name":"initialize","line":140,"loc":{"start":{"line":134,"column":4},"end":{"line":153,"column":4}}},"7":{"name":"validateUserOp","line":168,"loc":{"start":{"line":164,"column":4},"end":{"line":175,"column":4}}},"8":{"name":"_validateSignature","line":177,"loc":{"start":{"line":177,"column":4},"end":{"line":198,"column":4}}},"9":{"name":"execute","line":209,"loc":{"start":{"line":205,"column":4},"end":{"line":217,"column":4}}},"10":{"name":"executeBatch","line":226,"loc":{"start":{"line":222,"column":4},"end":{"line":244,"column":4}}},"11":{"name":"_checkAndUpdateSpendingLimit","line":248,"loc":{"start":{"line":248,"column":4},"end":{"line":257,"column":4}}},"12":{"name":"setDailyLimit","line":259,"loc":{"start":{"line":259,"column":4},"end":{"line":262,"column":4}}},"13":{"name":"addGuardian","line":266,"loc":{"start":{"line":266,"column":4},"end":{"line":280,"column":4}}},"14":{"name":"removeGuardian","line":282,"loc":{"start":{"line":282,"column":4},"end":{"line":297,"column":4}}},"15":{"name":"setGuardianThreshold","line":299,"loc":{"start":{"line":299,"column":4},"end":{"line":302,"column":4}}},"16":{"name":"initiateRecovery","line":306,"loc":{"start":{"line":306,"column":4},"end":{"line":325,"column":4}}},"17":{"name":"approveRecovery","line":327,"loc":{"start":{"line":327,"column":4},"end":{"line":336,"column":4}}},"18":{"name":"executeRecovery","line":338,"loc":{"start":{"line":338,"column":4},"end":{"line":356,"column":4}}},"19":{"name":"cancelRecovery","line":358,"loc":{"start":{"line":358,"column":4},"end":{"line":365,"column":4}}},"20":{"name":"addSessionKey","line":375,"loc":{"start":{"line":369,"column":4},"end":{"line":390,"column":4}}},"21":{"name":"revokeSessionKey","line":392,"loc":{"start":{"line":392,"column":4},"end":{"line":396,"column":4}}},"22":{"name":"_revokeAllSessionKeys","line":398,"loc":{"start":{"line":398,"column":4},"end":{"line":401,"column":4}}},"23":{"name":"freeze","line":405,"loc":{"start":{"line":405,"column":4},"end":{"line":409,"column":4}}},"24":{"name":"unfreeze","line":411,"loc":{"start":{"line":411,"column":4},"end":{"line":415,"column":4}}},"25":{"name":"isValidSignature","line":419,"loc":{"start":{"line":419,"column":4},"end":{"line":428,"column":4}}},"26":{"name":"getGuardians","line":432,"loc":{"start":{"line":432,"column":4},"end":{"line":434,"column":4}}},"27":{"name":"getRecoveryInfo","line":436,"loc":{"start":{"line":436,"column":4},"end":{"line":450,"column":4}}},"28":{"name":"getSpendingInfo","line":452,"loc":{"start":{"line":452,"column":4},"end":{"line":468,"column":4}}},"29":{"name":"_authorizeUpgrade","line":472,"loc":{"start":{"line":472,"column":4},"end":{"line":472,"column":87}}}},"statementMap":{"1":{"start":{"line":109,"column":8},"end":{"line":109,"column":49}},"2":{"start":{"line":114,"column":8},"end":{"line":114,"column":59}},"3":{"start":{"line":119,"column":8},"end":{"line":119,"column":81}},"4":{"start":{"line":124,"column":8},"end":{"line":124,"column":45}},"5":{"start":{"line":131,"column":8},"end":{"line":131,"column":29}},"6":{"start":{"line":141,"column":8},"end":{"line":141,"column":53}},"7":{"start":{"line":142,"column":8},"end":{"line":142,"column":64}},"8":{"start":{"line":152,"column":8},"end":{"line":152,"column":62}},"9":{"start":{"line":171,"column":8},"end":{"line":171,"column":5420}},"10":{"start":{"line":172,"column":12},"end":{"line":172,"column":86}},"11":{"start":{"line":173,"column":12},"end":{"line":173,"column":52}},"12":{"start":{"line":181,"column":8},"end":{"line":181,"column":58}},"13":{"start":{"line":182,"column":8},"end":{"line":182,"column":55}},"14":{"start":{"line":185,"column":8},"end":{"line":185,"column":5939}},"15":{"start":{"line":186,"column":12},"end":{"line":186,"column":41}},"16":{"start":{"line":190,"column":8},"end":{"line":190,"column":51}},"17":{"start":{"line":191,"column":8},"end":{"line":191,"column":6127}},"18":{"start":{"line":194,"column":12},"end":{"line":194,"column":41}},"19":{"start":{"line":197,"column":8},"end":{"line":197,"column":36}},"20":{"start":{"line":210,"column":8},"end":{"line":210,"column":42}},"21":{"start":{"line":212,"column":8},"end":{"line":212,"column":81}},"22":{"start":{"line":213,"column":8},"end":{"line":213,"column":43}},"23":{"start":{"line":215,"column":8},"end":{"line":215,"column":53}},"24":{"start":{"line":216,"column":8},"end":{"line":216,"column":25}},"25":{"start":{"line":227,"column":8},"end":{"line":227,"column":99}},"26":{"start":{"line":230,"column":8},"end":{"line":230,"column":30}},"27":{"start":{"line":232,"column":8},"end":{"line":232,"column":7345}},"28":{"start":{"line":236,"column":8},"end":{"line":236,"column":47}},"29":{"start":{"line":238,"column":8},"end":{"line":238,"column":7499}},"30":{"start":{"line":239,"column":12},"end":{"line":239,"column":97}},"31":{"start":{"line":240,"column":12},"end":{"line":240,"column":53}},"32":{"start":{"line":242,"column":12},"end":{"line":242,"column":69}},"33":{"start":{"line":250,"column":8},"end":{"line":250,"column":7992}},"34":{"start":{"line":255,"column":8},"end":{"line":255,"column":72}},"35":{"start":{"line":261,"column":8},"end":{"line":261,"column":35}},"36":{"start":{"line":267,"column":8},"end":{"line":267,"column":58}},"37":{"start":{"line":268,"column":8},"end":{"line":268,"column":64}},"38":{"start":{"line":269,"column":8},"end":{"line":269,"column":64}},"39":{"start":{"line":277,"column":8},"end":{"line":277,"column":34}},"40":{"start":{"line":279,"column":8},"end":{"line":279,"column":50}},"41":{"start":{"line":283,"column":8},"end":{"line":283,"column":67}},"42":{"start":{"line":288,"column":8},"end":{"line":288,"column":9240}},"43":{"start":{"line":289,"column":12},"end":{"line":289,"column":9308}},"44":{"start":{"line":291,"column":16},"end":{"line":291,"column":33}},"45":{"start":{"line":296,"column":8},"end":{"line":296,"column":38}},"46":{"start":{"line":300,"column":8},"end":{"line":300,"column":86}},"47":{"start":{"line":307,"column":8},"end":{"line":307,"column":64}},"48":{"start":{"line":308,"column":8},"end":{"line":308,"column":59}},"49":{"start":{"line":309,"column":8},"end":{"line":309,"column":99}},"50":{"start":{"line":311,"column":8},"end":{"line":311,"column":69}},"51":{"start":{"line":323,"column":8},"end":{"line":323,"column":54}},"52":{"start":{"line":324,"column":8},"end":{"line":324,"column":44}},"53":{"start":{"line":328,"column":8},"end":{"line":328,"column":64}},"54":{"start":{"line":329,"column":8},"end":{"line":329,"column":77}},"55":{"start":{"line":330,"column":8},"end":{"line":330,"column":74}},"56":{"start":{"line":335,"column":8},"end":{"line":335,"column":72}},"57":{"start":{"line":339,"column":8},"end":{"line":339,"column":77}},"58":{"start":{"line":340,"column":8},"end":{"line":340,"column":92}},"59":{"start":{"line":341,"column":8},"end":{"line":341,"column":80}},"60":{"start":{"line":342,"column":8},"end":{"line":342,"column":61}},"61":{"start":{"line":344,"column":8},"end":{"line":344,"column":32}},"62":{"start":{"line":345,"column":8},"end":{"line":345,"column":51}},"63":{"start":{"line":352,"column":8},"end":{"line":352,"column":30}},"64":{"start":{"line":354,"column":8},"end":{"line":354,"column":45}},"65":{"start":{"line":355,"column":8},"end":{"line":355,"column":39}},"66":{"start":{"line":359,"column":8},"end":{"line":359,"column":77}},"67":{"start":{"line":364,"column":8},"end":{"line":364,"column":32}},"68":{"start":{"line":376,"column":8},"end":{"line":376,"column":48}},"69":{"start":{"line":377,"column":8},"end":{"line":377,"column":59}},"70":{"start":{"line":389,"column":8},"end":{"line":389,"column":60}},"71":{"start":{"line":393,"column":8},"end":{"line":393,"column":59}},"72":{"start":{"line":395,"column":8},"end":{"line":395,"column":35}},"73":{"start":{"line":406,"column":8},"end":{"line":406,"column":87}},"74":{"start":{"line":408,"column":8},"end":{"line":408,"column":37}},"75":{"start":{"line":412,"column":8},"end":{"line":412,"column":78}},"76":{"start":{"line":414,"column":8},"end":{"line":414,"column":39}},"77":{"start":{"line":423,"column":8},"end":{"line":423,"column":73}},"78":{"start":{"line":424,"column":8},"end":{"line":424,"column":13891}},"79":{"start":{"line":425,"column":12},"end":{"line":425,"column":34}},"80":{"start":{"line":427,"column":8},"end":{"line":427,"column":33}},"81":{"start":{"line":433,"column":8},"end":{"line":433,"column":27}},"82":{"start":{"line":443,"column":8},"end":{"line":443,"column":14364}},"83":{"start":{"line":458,"column":8},"end":{"line":458,"column":41}},"84":{"start":{"line":459,"column":8},"end":{"line":459,"column":14804}},"85":{"start":{"line":462,"column":8},"end":{"line":462,"column":14907}}},"branchMap":{"1":{"line":109,"type":"if","locations":[{"start":{"line":109,"column":8},"end":{"line":109,"column":8}},{"start":{"line":109,"column":8},"end":{"line":109,"column":8}}]},"2":{"line":114,"type":"if","locations":[{"start":{"line":114,"column":8},"end":{"line":114,"column":8}},{"start":{"line":114,"column":8},"end":{"line":114,"column":8}}]},"3":{"line":119,"type":"if","locations":[{"start":{"line":119,"column":8},"end":{"line":119,"column":8}},{"start":{"line":119,"column":8},"end":{"line":119,"column":8}}]},"4":{"line":119,"type":"cond-expr","locations":[{"start":{"line":119,"column":16},"end":{"line":119,"column":34}},{"start":{"line":119,"column":39},"end":{"line":119,"column":62}}]},"5":{"line":124,"type":"if","locations":[{"start":{"line":124,"column":8},"end":{"line":124,"column":8}},{"start":{"line":124,"column":8},"end":{"line":124,"column":8}}]},"6":{"line":140,"type":"if","locations":[{"start":{"line":140,"column":15},"end":{"line":140,"column":15}},{"start":{"line":140,"column":15},"end":{"line":140,"column":15}}]},"7":{"line":141,"type":"if","locations":[{"start":{"line":141,"column":8},"end":{"line":141,"column":8}},{"start":{"line":141,"column":8},"end":{"line":141,"column":8}}]},"8":{"line":142,"type":"if","locations":[{"start":{"line":142,"column":8},"end":{"line":142,"column":8}},{"start":{"line":142,"column":8},"end":{"line":142,"column":8}}]},"9":{"line":168,"type":"if","locations":[{"start":{"line":168,"column":15},"end":{"line":168,"column":15}},{"start":{"line":168,"column":15},"end":{"line":168,"column":15}}]},"10":{"line":171,"type":"if","locations":[{"start":{"line":171,"column":8},"end":{"line":171,"column":8}},{"start":{"line":171,"column":8},"end":{"line":171,"column":8}}]},"11":{"line":173,"type":"if","locations":[{"start":{"line":173,"column":12},"end":{"line":173,"column":12}},{"start":{"line":173,"column":12},"end":{"line":173,"column":12}}]},"12":{"line":185,"type":"if","locations":[{"start":{"line":185,"column":8},"end":{"line":185,"column":8}},{"start":{"line":185,"column":8},"end":{"line":185,"column":8}}]},"13":{"line":191,"type":"if","locations":[{"start":{"line":191,"column":8},"end":{"line":191,"column":8}},{"start":{"line":191,"column":8},"end":{"line":191,"column":8}}]},"14":{"line":209,"type":"if","locations":[{"start":{"line":209,"column":15},"end":{"line":209,"column":15}},{"start":{"line":209,"column":15},"end":{"line":209,"column":15}}]},"15":{"line":209,"type":"if","locations":[{"start":{"line":209,"column":37},"end":{"line":209,"column":37}},{"start":{"line":209,"column":37},"end":{"line":209,"column":37}}]},"16":{"line":213,"type":"if","locations":[{"start":{"line":213,"column":8},"end":{"line":213,"column":8}},{"start":{"line":213,"column":8},"end":{"line":213,"column":8}}]},"17":{"line":226,"type":"if","locations":[{"start":{"line":226,"column":15},"end":{"line":226,"column":15}},{"start":{"line":226,"column":15},"end":{"line":226,"column":15}}]},"18":{"line":226,"type":"if","locations":[{"start":{"line":226,"column":37},"end":{"line":226,"column":37}},{"start":{"line":226,"column":37},"end":{"line":226,"column":37}}]},"19":{"line":227,"type":"if","locations":[{"start":{"line":227,"column":8},"end":{"line":227,"column":8}},{"start":{"line":227,"column":8},"end":{"line":227,"column":8}}]},"20":{"line":240,"type":"if","locations":[{"start":{"line":240,"column":12},"end":{"line":240,"column":12}},{"start":{"line":240,"column":12},"end":{"line":240,"column":12}}]},"21":{"line":250,"type":"if","locations":[{"start":{"line":250,"column":8},"end":{"line":250,"column":8}},{"start":{"line":250,"column":8},"end":{"line":250,"column":8}}]},"22":{"line":255,"type":"if","locations":[{"start":{"line":255,"column":8},"end":{"line":255,"column":8}},{"start":{"line":255,"column":8},"end":{"line":255,"column":8}}]},"23":{"line":259,"type":"if","locations":[{"start":{"line":259,"column":54},"end":{"line":259,"column":54}},{"start":{"line":259,"column":54},"end":{"line":259,"column":54}}]},"24":{"line":266,"type":"if","locations":[{"start":{"line":266,"column":79},"end":{"line":266,"column":79}},{"start":{"line":266,"column":79},"end":{"line":266,"column":79}}]},"25":{"line":267,"type":"if","locations":[{"start":{"line":267,"column":8},"end":{"line":267,"column":8}},{"start":{"line":267,"column":8},"end":{"line":267,"column":8}}]},"26":{"line":268,"type":"if","locations":[{"start":{"line":268,"column":8},"end":{"line":268,"column":8}},{"start":{"line":268,"column":8},"end":{"line":268,"column":8}}]},"27":{"line":269,"type":"if","locations":[{"start":{"line":269,"column":8},"end":{"line":269,"column":8}},{"start":{"line":269,"column":8},"end":{"line":269,"column":8}}]},"28":{"line":282,"type":"if","locations":[{"start":{"line":282,"column":55},"end":{"line":282,"column":55}},{"start":{"line":282,"column":55},"end":{"line":282,"column":55}}]},"29":{"line":283,"type":"if","locations":[{"start":{"line":283,"column":8},"end":{"line":283,"column":8}},{"start":{"line":283,"column":8},"end":{"line":283,"column":8}}]},"30":{"line":289,"type":"if","locations":[{"start":{"line":289,"column":12},"end":{"line":289,"column":12}},{"start":{"line":289,"column":12},"end":{"line":289,"column":12}}]},"31":{"line":299,"type":"if","locations":[{"start":{"line":299,"column":60},"end":{"line":299,"column":60}},{"start":{"line":299,"column":60},"end":{"line":299,"column":60}}]},"32":{"line":300,"type":"if","locations":[{"start":{"line":300,"column":8},"end":{"line":300,"column":8}},{"start":{"line":300,"column":8},"end":{"line":300,"column":8}}]},"33":{"line":307,"type":"if","locations":[{"start":{"line":307,"column":8},"end":{"line":307,"column":8}},{"start":{"line":307,"column":8},"end":{"line":307,"column":8}}]},"34":{"line":308,"type":"if","locations":[{"start":{"line":308,"column":8},"end":{"line":308,"column":8}},{"start":{"line":308,"column":8},"end":{"line":308,"column":8}}]},"35":{"line":309,"type":"if","locations":[{"start":{"line":309,"column":8},"end":{"line":309,"column":8}},{"start":{"line":309,"column":8},"end":{"line":309,"column":8}}]},"36":{"line":309,"type":"cond-expr","locations":[{"start":{"line":309,"column":16},"end":{"line":309,"column":40}},{"start":{"line":309,"column":45},"end":{"line":309,"column":78}}]},"37":{"line":328,"type":"if","locations":[{"start":{"line":328,"column":8},"end":{"line":328,"column":8}},{"start":{"line":328,"column":8},"end":{"line":328,"column":8}}]},"38":{"line":329,"type":"if","locations":[{"start":{"line":329,"column":8},"end":{"line":329,"column":8}},{"start":{"line":329,"column":8},"end":{"line":329,"column":8}}]},"39":{"line":330,"type":"if","locations":[{"start":{"line":330,"column":8},"end":{"line":330,"column":8}},{"start":{"line":330,"column":8},"end":{"line":330,"column":8}}]},"40":{"line":339,"type":"if","locations":[{"start":{"line":339,"column":8},"end":{"line":339,"column":8}},{"start":{"line":339,"column":8},"end":{"line":339,"column":8}}]},"41":{"line":340,"type":"if","locations":[{"start":{"line":340,"column":8},"end":{"line":340,"column":8}},{"start":{"line":340,"column":8},"end":{"line":340,"column":8}}]},"42":{"line":341,"type":"if","locations":[{"start":{"line":341,"column":8},"end":{"line":341,"column":8}},{"start":{"line":341,"column":8},"end":{"line":341,"column":8}}]},"43":{"line":342,"type":"if","locations":[{"start":{"line":342,"column":8},"end":{"line":342,"column":8}},{"start":{"line":342,"column":8},"end":{"line":342,"column":8}}]},"44":{"line":358,"type":"if","locations":[{"start":{"line":358,"column":39},"end":{"line":358,"column":39}},{"start":{"line":358,"column":39},"end":{"line":358,"column":39}}]},"45":{"line":359,"type":"if","locations":[{"start":{"line":359,"column":8},"end":{"line":359,"column":8}},{"start":{"line":359,"column":8},"end":{"line":359,"column":8}}]},"46":{"line":375,"type":"if","locations":[{"start":{"line":375,"column":15},"end":{"line":375,"column":15}},{"start":{"line":375,"column":15},"end":{"line":375,"column":15}}]},"47":{"line":376,"type":"if","locations":[{"start":{"line":376,"column":8},"end":{"line":376,"column":8}},{"start":{"line":376,"column":8},"end":{"line":376,"column":8}}]},"48":{"line":377,"type":"if","locations":[{"start":{"line":377,"column":8},"end":{"line":377,"column":8}},{"start":{"line":377,"column":8},"end":{"line":377,"column":8}}]},"49":{"line":392,"type":"if","locations":[{"start":{"line":392,"column":52},"end":{"line":392,"column":52}},{"start":{"line":392,"column":52},"end":{"line":392,"column":52}}]},"50":{"line":393,"type":"if","locations":[{"start":{"line":393,"column":8},"end":{"line":393,"column":8}},{"start":{"line":393,"column":8},"end":{"line":393,"column":8}}]},"51":{"line":406,"type":"if","locations":[{"start":{"line":406,"column":8},"end":{"line":406,"column":8}},{"start":{"line":406,"column":8},"end":{"line":406,"column":8}}]},"52":{"line":406,"type":"cond-expr","locations":[{"start":{"line":406,"column":16},"end":{"line":406,"column":34}},{"start":{"line":406,"column":39},"end":{"line":406,"column":68}}]},"53":{"line":411,"type":"if","locations":[{"start":{"line":411,"column":33},"end":{"line":411,"column":33}},{"start":{"line":411,"column":33},"end":{"line":411,"column":33}}]},"54":{"line":412,"type":"if","locations":[{"start":{"line":412,"column":8},"end":{"line":412,"column":8}},{"start":{"line":412,"column":8},"end":{"line":412,"column":8}}]},"55":{"line":424,"type":"if","locations":[{"start":{"line":424,"column":8},"end":{"line":424,"column":8}},{"start":{"line":424,"column":8},"end":{"line":424,"column":8}}]},"56":{"line":459,"type":"if","locations":[{"start":{"line":459,"column":8},"end":{"line":459,"column":8}},{"start":{"line":459,"column":8},"end":{"line":459,"column":8}}]},"57":{"line":465,"type":"if","locations":[{"start":{"line":465,"column":40},"end":{"line":465,"column":64}},{"start":{"line":465,"column":68},"end":{"line":465,"column":68}}]},"58":{"line":472,"type":"if","locations":[{"start":{"line":472,"column":76},"end":{"line":472,"column":76}},{"start":{"line":472,"column":76},"end":{"line":472,"column":76}}]}}},
"contracts/GameNFT.sol":{"l":{"26":16,"36":7,"38":6,"39":6,"40":6,"41":6,"43":6,"45":6,"55":3,"56":1,"58":1,"60":1,"61":5,"62":5,"63":5,"64":5,"66":5,"69":1,"76":3,"77":3,"78":3,"79":3,"80":3,"87":0,"89":0,"90":0,"91":0,"92":0,"93":0,"94":0,"104":2,"113":1},"path":"/Users/psavelis/github.com/leetgaming-pro/replay-api/test/blockchain/contracts/GameNFT.sol","s":{"1":7,"2":6,"3":6,"4":6,"5":6,"6":6,"7":3,"8":1,"9":1,"10":1,"11":5,"12":5,"13":5,"14":1,"15":3,"16":3,"17":3,"18":3,"19":0,"20":0,"21":0,"22":0,"23":0,"24":0,"25":0,"26":0,"27":0,"28":0,"29":0,"30":2,"31":1},"b":{"1":[7,1],"2":[6,1],"3":[3,1],"4":[1,2],"5":[1,0],"6":[0,0],"7":[0,0],"8":[0,0],"9":[0,0],"10":[0,0]},"f":{"1":16,"2":7,"3":3,"4":3,"5":0,"6":2,"7":1},"fnMap":{"1":{"name":"constructor","line":24,"loc":{"start":{"line":22,"column":4},"end":{"line":27,"column":4}}},"2":{"name":"safeMint","line":35,"loc":{"start":{"line":35,"column":4},"end":{"line":46,"column":4}}},"3":{"name":"batchMint","line":54,"loc":{"start":{"line":54,"column":4},"end":{"line":70,"column":4}}},"4":{"name":"faucet","line":75,"loc":{"start":{"line":75,"column":4},"end":{"line":81,"column":4}}},"5":{"name":"getRarityName","line":86,"loc":{"start":{"line":86,"column":4},"end":{"line":95,"column":4}}},"6":{"name":"tokenURI","line":98,"loc":{"start":{"line":98,"column":4},"end":{"line":105,"column":4}}},"7":{"name":"supportsInterface","line":107,"loc":{"start":{"line":107,"column":4},"end":{"line":114,"column":4}}}},"statementMap":{"1":{"start":{"line":36,"column":8},"end":{"line":36,"column":51}},"2":{"start":{"line":38,"column":8},"end":{"line":38,"column":40}},"3":{"start":{"line":39,"column":8},"end":{"line":39,"column":29}},"4":{"start":{"line":40,"column":8},"end":{"line":40,"column":33}},"5":{"start":{"line":43,"column":8},"end":{"line":43,"column":49}},"6":{"start":{"line":45,"column":8},"end":{"line":45,"column":22}},"7":{"start":{"line":55,"column":8},"end":{"line":55,"column":58}},"8":{"start":{"line":56,"column":8},"end":{"line":56,"column":51}},"9":{"start":{"line":58,"column":8},"end":{"line":58,"column":56}},"10":{"start":{"line":60,"column":8},"end":{"line":60,"column":2075}},"11":{"start":{"line":61,"column":12},"end":{"line":61,"column":44}},"12":{"start":{"line":62,"column":12},"end":{"line":62,"column":33}},"13":{"start":{"line":66,"column":12},"end":{"line":66,"column":52}},"14":{"start":{"line":69,"column":8},"end":{"line":69,"column":23}},"15":{"start":{"line":76,"column":8},"end":{"line":76,"column":40}},"16":{"start":{"line":77,"column":8},"end":{"line":77,"column":37}},"17":{"start":{"line":79,"column":8},"end":{"line":79,"column":51}},"18":{"start":{"line":80,"column":8},"end":{"line":80,"column":22}},"19":{"start":{"line":87,"column":8},"end":{"line":87,"column":70}},"20":{"start":{"line":89,"column":8},"end":{"line":89,"column":42}},"21":{"start":{"line":90,"column":8},"end":{"line":90,"column":40}},"22":{"start":{"line":90,"column":25},"end":{"line":90,"column":40}},"23":{"start":{"line":91,"column":8},"end":{"line":91,"column":38}},"24":{"start":{"line":91,"column":25},"end":{"line":91,"column":38}},"25":{"start":{"line":92,"column":8},"end":{"line":92,"column":38}},"26":{"start":{"line":92,"column":25},"end":{"line":92,"column":38}},"27":{"start":{"line":93,"column":8},"end":{"line":93,"column":43}},"28":{"start":{"line":93,"column":25},"end":{"line":93,"column":43}},"29":{"start":{"line":94,"column":8},"end":{"line":94,"column":24}},"30":{"start":{"line":104,"column":8},"end":{"line":104,"column":38}},"31":{"start":{"line":113,"column":8},"end":{"line":113,"column":51}}},"branchMap":{"1":{"line":35,"type":"if","locations":[{"start":{"line":35,"column":74},"end":{"line":35,"column":74}},{"start":{"line":35,"column":74},"end":{"line":35,"column":74}}]},"2":{"line":36,"type":"if","locations":[{"start":{"line":36,"column":8},"end":{"line":36,"column":8}},{"start":{"line":36,"column":8},"end":{"line":36,"column":8}}]},"3":{"line":54,"type":"if","locations":[{"start":{"line":54,"column":71},"end":{"line":54,"column":71}},{"start":{"line":54,"column":71},"end":{"line":54,"column":71}}]},"4":{"line":55,"type":"if","locations":[{"start":{"line":55,"column":8},"end":{"line":55,"column":8}},{"start":{"line":55,"column":8},"end":{"line":55,"column":8}}]},"5":{"line":56,"type":"if","locations":[{"start":{"line":56,"column":8},"end":{"line":56,"column":8}},{"start":{"line":56,"column":8},"end":{"line":56,"column":8}}]},"6":{"line":87,"type":"if","locations":[{"start":{"line":87,"column":8},"end":{"line":87,"column":8}},{"start":{"line":87,"column":8},"end":{"line":87,"column":8}}]},"7":{"line":90,"type":"if","locations":[{"start":{"line":90,"column":8},"end":{"line":90,"column":8}},{"start":{"line":90,"column":8},"end":{"line":90,"column":8}}]},"8":{"line":91,"type":"if","locations":[{"start":{"line":91,"column":8},"end":{"line":91,"column":8}},{"start":{"line":91,"column":8},"end":{"line":91,"column":8}}]},"9":{"line":92,"type":"if","locations":[{"start":{"line":92,"column":8},"end":{"line":92,"column":8}},{"start":{"line":92,"column":8},"end":{"line":92,"column":8}}]},"10":{"line":93,"type":"if","locations":[{"start":{"line":93,"column":8},"end":{"line":93,"column":8}},{"start":{"line":93,"column":8},"end":{"line":93,"column":8}}]}}},
"contracts/LeetLedger.sol":{"l":{"81":43,"82":43,"85":43,"107":66,"108":65,"109":64,"112":63,"117":63,"125":63,"139":63,"140":63,"143":63,"144":63,"145":63,"147":63,"148":4,"150":63,"151":1,"155":63,"156":63,"158":63,"160":63,"182":3,"191":2,"192":3,"193":3,"205":2,"227":3,"228":2,"231":1,"232":1,"243":1,"244":1,"267":5,"271":5,"278":5,"292":5,"293":5,"295":5,"296":5,"297":5,"299":5,"300":0,"303":5,"304":5,"306":5,"313":44,"327":2,"328":1,"332":2,"333":1,"337":1,"345":2,"346":2,"347":2,"348":1,"351":2,"352":2,"353":2,"355":2,"359":1,"360":1,"361":1,"362":1,"364":1,"368":1,"372":1,"376":1,"383":3,"384":2,"386":1,"387":4,"388":4,"389":0,"392":1,"404":2,"405":1,"406":1},"path":"/Users/psavelis/github.com/leetgaming-pro/replay-api/test/blockchain/contracts/LeetLedger.sol","s":{"1":43,"2":43,"3":66,"4":65,"5":64,"6":63,"7":63,"8":63,"9":63,"10":63,"11":4,"12":63,"13":1,"14":63,"15":63,"16":3,"17":2,"18":3,"19":3,"20":2,"21":3,"22":2,"23":1,"24":1,"25":1,"26":1,"27":5,"28":5,"29":5,"30":5,"31":5,"32":5,"33":0,"34":5,"35":44,"36":2,"37":1,"38":2,"39":1,"40":1,"41":2,"42":2,"43":2,"44":2,"45":2,"46":2,"47":1,"48":1,"49":1,"50":1,"51":1,"52":1,"53":1,"54":3,"55":2,"56":1,"57":4,"58":4,"59":0,"60":1,"61":2,"62":1,"63":1},"b":{"1":[66,1],"2":[65,1],"3":[64,1],"4":[63,1],"5":[37,26],"6":[4,59],"7":[1,62],"8":[3,0],"9":[2,1],"10":[3,0],"11":[3,0],"12":[2,1],"13":[1,1],"14":[2,3],"15":[0,5],"16":[1,1],"17":[1,1],"18":[1,1],"19":[2,1],"20":[1,1],"21":[0,4],"22":[1,1]},"f":{"1":43,"2":66,"3":3,"4":3,"5":5,"6":44,"7":2,"8":2,"9":1,"10":2,"11":1,"12":1,"13":1,"14":1,"15":3,"16":2},"fnMap":{"1":{"name":"constructor","line":80,"loc":{"start":{"line":80,"column":4},"end":{"line":86,"column":4}}},"2":{"name":"recordEntry","line":106,"loc":{"start":{"line":98,"column":4},"end":{"line":161,"column":4}}},"3":{"name":"recordBatch","line":181,"loc":{"start":{"line":173,"column":4},"end":{"line":206,"column":4}}},"4":{"name":"recordTransfer","line":226,"loc":{"start":{"line":218,"column":4},"end":{"line":253,"column":4}}},"5":{"name":"_recordEntryInternal","line":258,"loc":{"start":{"line":258,"column":4},"end":{"line":307,"column":4}}},"6":{"name":"_hashEntry","line":312,"loc":{"start":{"line":312,"column":4},"end":{"line":322,"column":4}}},"7":{"name":"getEntry","line":326,"loc":{"start":{"line":326,"column":4},"end":{"line":329,"column":4}}},"8":{"name":"getEntryByTxId","line":331,"loc":{"start":{"line":331,"column":4},"end":{"line":334,"column":4}}},"9":{"name":"getAccountEntryCount","line":336,"loc":{"start":{"line":336,"column":4},"end":{"line":338,"column":4}}},"10":{"name":"getAccountEntriesRange","line":340,"loc":{"start":{"line":340,"column":4},"end":{"line":356,"column":4}}},"11":{"name":"getMatchEntries","line":358,"loc":{"start":{"line":358,"column":4},"end":{"line":365,"column":4}}},"12":{"name":"getAccountBalance","line":367,"loc":{"start":{"line":367,"column":4},"end":{"line":369,"column":4}}},"13":{"name":"getTotalEntries","line":371,"loc":{"start":{"line":371,"column":4},"end":{"line":373,"column":4}}},"14":{"name":"getCurrentMerkleRoot","line":375,"loc":{"start":{"line":375,"column":4},"end":{"line":377,"column":4}}},"15":{"name":"verifyChainIntegrity","line":382,"loc":{"start":{"line":382,"column":4},"end":{"line":393,"column":4}}},"16":{"name":"generateEntryProof","line":398,"loc":{"start":{"line":398,"column":4},"end":{"line":412,"column":4}}}},"statementMap":{"1":{"start":{"line":81,"column":8},"end":{"line":81,"column":49}},"2":{"start":{"line":82,"column":8},"end":{"line":82,"column":44}},"3":{"start":{"line":107,"column":8},"end":{"line":107,"column":71}},"4":{"start":{"line":108,"column":8},"end":{"line":108,"column":56}},"5":{"start":{"line":109,"column":8},"end":{"line":109,"column":42}},"6":{"start":{"line":112,"column":8},"end":{"line":112,"column":3981}},"7":{"start":{"line":125,"column":8},"end":{"line":125,"column":4319}},"8":{"start":{"line":140,"column":8},"end":{"line":140,"column":26}},"9":{"start":{"line":145,"column":8},"end":{"line":145,"column":47}},"10":{"start":{"line":147,"column":8},"end":{"line":147,"column":5015}},"11":{"start":{"line":148,"column":12},"end":{"line":148,"column":49}},"12":{"start":{"line":150,"column":8},"end":{"line":150,"column":5114}},"13":{"start":{"line":151,"column":12},"end":{"line":151,"column":59}},"14":{"start":{"line":158,"column":8},"end":{"line":158,"column":87}},"15":{"start":{"line":160,"column":8},"end":{"line":160,"column":25}},"16":{"start":{"line":182,"column":8},"end":{"line":182,"column":6174}},"17":{"start":{"line":191,"column":8},"end":{"line":191,"column":6485}},"18":{"start":{"line":192,"column":12},"end":{"line":192,"column":6555}},"19":{"start":{"line":193,"column":16},"end":{"line":193,"column":6639}},"20":{"start":{"line":205,"column":8},"end":{"line":205,"column":77}},"21":{"start":{"line":227,"column":8},"end":{"line":227,"column":41}},"22":{"start":{"line":228,"column":8},"end":{"line":228,"column":56}},"23":{"start":{"line":231,"column":8},"end":{"line":231,"column":79}},"24":{"start":{"line":232,"column":8},"end":{"line":232,"column":7882}},"25":{"start":{"line":243,"column":8},"end":{"line":243,"column":81}},"26":{"start":{"line":244,"column":8},"end":{"line":244,"column":8202}},"27":{"start":{"line":267,"column":8},"end":{"line":267,"column":8713}},"28":{"start":{"line":278,"column":8},"end":{"line":278,"column":8997}},"29":{"start":{"line":292,"column":8},"end":{"line":292,"column":43}},"30":{"start":{"line":293,"column":8},"end":{"line":293,"column":26}},"31":{"start":{"line":297,"column":8},"end":{"line":297,"column":47}},"32":{"start":{"line":299,"column":8},"end":{"line":299,"column":9675}},"33":{"start":{"line":300,"column":12},"end":{"line":300,"column":49}},"34":{"start":{"line":306,"column":8},"end":{"line":306,"column":87}},"35":{"start":{"line":313,"column":8},"end":{"line":313,"column":10088}},"36":{"start":{"line":327,"column":8},"end":{"line":327,"column":55}},"37":{"start":{"line":328,"column":8},"end":{"line":328,"column":29}},"38":{"start":{"line":332,"column":8},"end":{"line":332,"column":61}},"39":{"start":{"line":333,"column":8},"end":{"line":333,"column":55}},"40":{"start":{"line":337,"column":8},"end":{"line":337,"column":45}},"41":{"start":{"line":345,"column":8},"end":{"line":345,"column":59}},"42":{"start":{"line":346,"column":8},"end":{"line":346,"column":35}},"43":{"start":{"line":347,"column":8},"end":{"line":347,"column":11195}},"44":{"start":{"line":351,"column":8},"end":{"line":351,"column":68}},"45":{"start":{"line":352,"column":8},"end":{"line":352,"column":11346}},"46":{"start":{"line":355,"column":8},"end":{"line":355,"column":21}},"47":{"start":{"line":359,"column":8},"end":{"line":359,"column":57}},"48":{"start":{"line":360,"column":8},"end":{"line":360,"column":71}},"49":{"start":{"line":361,"column":8},"end":{"line":361,"column":11712}},"50":{"start":{"line":364,"column":8},"end":{"line":364,"column":21}},"51":{"start":{"line":368,"column":8},"end":{"line":368,"column":46}},"52":{"start":{"line":372,"column":8},"end":{"line":372,"column":27}},"53":{"start":{"line":376,"column":8},"end":{"line":376,"column":32}},"54":{"start":{"line":383,"column":8},"end":{"line":383,"column":62}},"55":{"start":{"line":384,"column":8},"end":{"line":384,"column":55}},"56":{"start":{"line":386,"column":8},"end":{"line":386,"column":12517}},"57":{"start":{"line":387,"column":12},"end":{"line":387,"column":61}},"58":{"start":{"line":388,"column":12},"end":{"line":388,"column":12651}},"59":{"start":{"line":389,"column":16},"end":{"line":389,"column":28}},"60":{"start":{"line":392,"column":8},"end":{"line":392,"column":19}},"61":{"start":{"line":404,"column":8},"end":{"line":404,"column":60}},"62":{"start":{"line":405,"column":8},"end":{"line":405,"column":54}},"63":{"start":{"line":406,"column":8},"end":{"line":406,"column":13179}}},"branchMap":{"1":{"line":106,"type":"if","locations":[{"start":{"line":106,"column":15},"end":{"line":106,"column":15}},{"start":{"line":106,"column":15},"end":{"line":106,"column":15}}]},"2":{"line":107,"type":"if","locations":[{"start":{"line":107,"column":8},"end":{"line":107,"column":8}},{"start":{"line":107,"column":8},"end":{"line":107,"column":8}}]},"3":{"line":108,"type":"if","locations":[{"start":{"line":108,"column":8},"end":{"line":108,"column":8}},{"start":{"line":108,"column":8},"end":{"line":108,"column":8}}]},"4":{"line":109,"type":"if","locations":[{"start":{"line":109,"column":8},"end":{"line":109,"column":8}},{"start":{"line":109,"column":8},"end":{"line":109,"column":8}}]},"5":{"line":113,"type":"if","locations":[{"start":{"line":113,"column":14},"end":{"line":113,"column":52}},{"start":{"line":114,"column":14},"end":{"line":114,"column":23}}]},"6":{"line":147,"type":"if","locations":[{"start":{"line":147,"column":8},"end":{"line":147,"column":8}},{"start":{"line":147,"column":8},"end":{"line":147,"column":8}}]},"7":{"line":150,"type":"if","locations":[{"start":{"line":150,"column":8},"end":{"line":150,"column":8}},{"start":{"line":150,"column":8},"end":{"line":150,"column":8}}]},"8":{"line":181,"type":"if","locations":[{"start":{"line":181,"column":15},"end":{"line":181,"column":15}},{"start":{"line":181,"column":15},"end":{"line":181,"column":15}}]},"9":{"line":182,"type":"if","locations":[{"start":{"line":182,"column":8},"end":{"line":182,"column":8}},{"start":{"line":182,"column":8},"end":{"line":182,"column":8}}]},"10":{"line":192,"type":"if","locations":[{"start":{"line":192,"column":12},"end":{"line":192,"column":12}},{"start":{"line":192,"column":12},"end":{"line":192,"column":12}}]},"11":{"line":226,"type":"if","locations":[{"start":{"line":226,"column":15},"end":{"line":226,"column":15}},{"start":{"line":226,"column":15},"end":{"line":226,"column":15}}]},"12":{"line":227,"type":"if","locations":[{"start":{"line":227,"column":8},"end":{"line":227,"column":8}},{"start":{"line":227,"column":8},"end":{"line":227,"column":8}}]},"13":{"line":228,"type":"if","locations":[{"start":{"line":228,"column":8},"end":{"line":228,"column":8}},{"start":{"line":228,"column":8},"end":{"line":228,"column":8}}]},"14":{"line":268,"type":"if","locations":[{"start":{"line":268,"column":14},"end":{"line":268,"column":52}},{"start":{"line":269,"column":14},"end":{"line":269,"column":23}}]},"15":{"line":299,"type":"if","locations":[{"start":{"line":299,"column":8},"end":{"line":299,"column":8}},{"start":{"line":299,"column":8},"end":{"line":299,"column":8}}]},"16":{"line":327,"type":"if","locations":[{"start":{"line":327,"column":8},"end":{"line":327,"column":8}},{"start":{"line":327,"column":8},"end":{"line":327,"column":8}}]},"17":{"line":332,"type":"if","locations":[{"start":{"line":332,"column":8},"end":{"line":332,"column":8}},{"start":{"line":332,"column":8},"end":{"line":332,"column":8}}]},"18":{"line":347,"type":"if","locations":[{"start":{"line":347,"column":8},"end":{"line":347,"column":8}},{"start":{"line":347,"column":8},"end":{"line":347,"column":8}}]},"19":{"line":383,"type":"if","locations":[{"start":{"line":383,"column":8},"end":{"line":383,"column":8}},{"start":{"line":383,"column":8},"end":{"line":383,"column":8}}]},"20":{"line":384,"type":"if","locations":[{"start":{"line":384,"column":8},"end":{"line":384,"column":8}},{"start":{"line":384,"column":8},"end":{"line":384,"column":8}}]},"21":{"line":388,"type":"if","locations":[{"start":{"line":388,"column":12},"end":{"line":388,"column":12}},{"start":{"line":388,"column":12},"end":{"line":388,"column":12}}]},"22":{"line":404,"type":"if","locations":[{"start":{"line":404,"column":8},"end":{"line":404,"column":8}},{"start":{"line":404,"column":8},"end":{"line":404,"column":8}}]}}},
"contracts/LeetVault.sol":{"l":{"82":21,"83":21,"85":21,"86":21,"87":21,"93":22,"94":22,"95":22,"99":1,"100":1,"104":1,"105":1,"106":1,"107":1,"111":0,"112":0,"116":1,"120":1,"138":17,"139":16,"140":15,"142":14,"143":14,"144":14,"145":14,"146":14,"147":14,"148":14,"149":14,"151":14,"159":21,"160":21,"161":21,"163":20,"164":20,"166":20,"168":20,"169":20,"170":20,"172":20,"180":5,"181":5,"182":5,"185":4,"186":4,"187":4,"189":4,"197":3,"198":3,"200":3,"201":3,"203":3,"217":2,"218":2,"219":2,"220":2,"221":2,"224":2,"225":2,"226":2,"228":2,"231":2,"232":2,"235":2,"236":2,"237":3,"238":3,"239":3,"240":3,"245":2,"246":2,"247":2,"250":2,"258":1,"259":1,"266":1,"267":2,"268":2,"269":2,"270":2,"271":2,"272":2,"276":1,"277":1,"288":0,"289":0,"291":0,"292":0,"294":0,"303":0,"304":0,"306":0,"307":0,"321":5,"322":5,"334":2,"338":1,"342":3},"path":"/Users/psavelis/github.com/leetgaming-pro/replay-api/test/blockchain/contracts/LeetVault.sol","s":{"1":21,"2":21,"3":21,"4":21,"5":22,"6":22,"7":1,"8":1,"9":1,"10":1,"11":0,"12":1,"13":1,"14":17,"15":16,"16":15,"17":14,"18":14,"19":21,"20":21,"21":21,"22":20,"23":20,"24":20,"25":20,"26":20,"27":5,"28":5,"29":5,"30":4,"31":3,"32":3,"33":3,"34":2,"35":2,"36":2,"37":2,"38":2,"39":2,"40":2,"41":2,"42":2,"43":2,"44":2,"45":2,"46":3,"47":3,"48":3,"49":2,"50":2,"51":2,"52":1,"53":1,"54":1,"55":2,"56":2,"57":2,"58":2,"59":1,"60":0,"61":0,"62":0,"63":0,"64":0,"65":0,"66":0,"67":5,"68":5,"69":2,"70":1,"71":3},"b":{"1":[21,0],"2":[22,0],"3":[22,0],"4":[1,0],"5":[1,0],"6":[1,0],"7":[0,0],"8":[0,0],"9":[1,0],"10":[1,0],"11":[17,0],"12":[17,0],"13":[16,1],"14":[15,1],"15":[14,1],"16":[21,0],"17":[21,0],"18":[21,0],"19":[20,1],"20":[5,0],"21":[5,0],"22":[4,1],"23":[3,0],"24":[3,0],"25":[2,1],"26":[2,0],"27":[2,0],"28":[2,0],"29":[2,0],"30":[2,0],"31":[2,0],"32":[3,0],"33":[2,0],"34":[1,0],"35":[1,0],"36":[1,0],"37":[1,0],"38":[2,0],"39":[0,0],"40":[0,0],"41":[0,0],"42":[0,0],"43":[0,0],"44":[0,0],"45":[0,0],"46":[0,0]},"f":{"1":21,"2":22,"3":1,"4":1,"5":0,"6":1,"7":1,"8":17,"9":21,"10":5,"11":3,"12":2,"13":1,"14":0,"15":0,"16":5,"17":2,"18":1,"19":3},"fnMap":{"1":{"name":"constructor","line":81,"loc":{"start":{"line":81,"column":4},"end":{"line":88,"column":4}}},"2":{"name":"addSupportedToken","line":92,"loc":{"start":{"line":92,"column":4},"end":{"line":96,"column":4}}},"3":{"name":"removeSupportedToken","line":98,"loc":{"start":{"line":98,"column":4},"end":{"line":101,"column":4}}},"4":{"name":"setEscrowPeriod","line":103,"loc":{"start":{"line":103,"column":4},"end":{"line":108,"column":4}}},"5":{"name":"setTreasury","line":110,"loc":{"start":{"line":110,"column":4},"end":{"line":113,"column":4}}},"6":{"name":"pause","line":115,"loc":{"start":{"line":115,"column":4},"end":{"line":117,"column":4}}},"7":{"name":"unpause","line":119,"loc":{"start":{"line":119,"column":4},"end":{"line":121,"column":4}}},"8":{"name":"createPrizePool","line":137,"loc":{"start":{"line":132,"column":4},"end":{"line":152,"column":4}}},"9":{"name":"depositEntryFee","line":158,"loc":{"start":{"line":158,"column":4},"end":{"line":173,"column":4}}},"10":{"name":"lockPrizePool","line":179,"loc":{"start":{"line":179,"column":4},"end":{"line":190,"column":4}}},"11":{"name":"startEscrow","line":196,"loc":{"start":{"line":196,"column":4},"end":{"line":204,"column":4}}},"12":{"name":"distributePrizes","line":216,"loc":{"start":{"line":212,"column":4},"end":{"line":251,"column":4}}},"13":{"name":"cancelPrizePool","line":257,"loc":{"start":{"line":257,"column":4},"end":{"line":278,"column":4}}},"14":{"name":"withdraw","line":287,"loc":{"start":{"line":287,"column":4},"end":{"line":295,"column":4}}},"15":{"name":"deposit","line":302,"loc":{"start":{"line":302,"column":4},"end":{"line":308,"column":4}}},"16":{"name":"getPrizePoolInfo","line":312,"loc":{"start":{"line":312,"column":4},"end":{"line":331,"column":4}}},"17":{"name":"getParticipants","line":333,"loc":{"start":{"line":333,"column":4},"end":{"line":335,"column":4}}},"18":{"name":"getContribution","line":337,"loc":{"start":{"line":337,"column":4},"end":{"line":339,"column":4}}},"19":{"name":"getUserBalance","line":341,"loc":{"start":{"line":341,"column":4},"end":{"line":343,"column":4}}}},"statementMap":{"1":{"start":{"line":82,"column":8},"end":{"line":82,"column":59}},"2":{"start":{"line":85,"column":8},"end":{"line":85,"column":49}},"3":{"start":{"line":86,"column":8},"end":{"line":86,"column":44}},"4":{"start":{"line":87,"column":8},"end":{"line":87,"column":42}},"5":{"start":{"line":93,"column":8},"end":{"line":93,"column":52}},"6":{"start":{"line":95,"column":8},"end":{"line":95,"column":30}},"7":{"start":{"line":100,"column":8},"end":{"line":100,"column":32}},"8":{"start":{"line":104,"column":8},"end":{"line":104,"column":77}},"9":{"start":{"line":105,"column":8},"end":{"line":105,"column":40}},"10":{"start":{"line":107,"column":8},"end":{"line":107,"column":54}},"11":{"start":{"line":111,"column":8},"end":{"line":111,"column":61}},"12":{"start":{"line":116,"column":8},"end":{"line":116,"column":15}},"13":{"start":{"line":120,"column":8},"end":{"line":120,"column":17}},"14":{"start":{"line":138,"column":8},"end":{"line":138,"column":61}},"15":{"start":{"line":139,"column":8},"end":{"line":139,"column":87}},"16":{"start":{"line":140,"column":8},"end":{"line":140,"column":58}},"17":{"start":{"line":142,"column":8},"end":{"line":142,"column":52}},"18":{"start":{"line":151,"column":8},"end":{"line":151,"column":75}},"19":{"start":{"line":159,"column":8},"end":{"line":159,"column":52}},"20":{"start":{"line":160,"column":8},"end":{"line":160,"column":81}},"21":{"start":{"line":161,"column":8},"end":{"line":161,"column":69}},"22":{"start":{"line":163,"column":8},"end":{"line":163,"column":41}},"23":{"start":{"line":164,"column":8},"end":{"line":164,"column":44}},"24":{"start":{"line":166,"column":8},"end":{"line":166,"column":61}},"25":{"start":{"line":169,"column":8},"end":{"line":169,"column":41}},"26":{"start":{"line":172,"column":8},"end":{"line":172,"column":56}},"27":{"start":{"line":180,"column":8},"end":{"line":180,"column":52}},"28":{"start":{"line":181,"column":8},"end":{"line":181,"column":77}},"29":{"start":{"line":182,"column":8},"end":{"line":182,"column":67}},"30":{"start":{"line":189,"column":8},"end":{"line":189,"column":55}},"31":{"start":{"line":197,"column":8},"end":{"line":197,"column":52}},"32":{"start":{"line":198,"column":8},"end":{"line":198,"column":71}},"33":{"start":{"line":203,"column":8},"end":{"line":203,"column":59}},"34":{"start":{"line":217,"column":8},"end":{"line":217,"column":52}},"35":{"start":{"line":218,"column":8},"end":{"line":218,"column":72}},"36":{"start":{"line":219,"column":8},"end":{"line":219,"column":76}},"37":{"start":{"line":220,"column":8},"end":{"line":220,"column":66}},"38":{"start":{"line":221,"column":8},"end":{"line":221,"column":48}},"39":{"start":{"line":224,"column":8},"end":{"line":224,"column":27}},"40":{"start":{"line":225,"column":8},"end":{"line":225,"column":8500}},"41":{"start":{"line":228,"column":8},"end":{"line":228,"column":63}},"42":{"start":{"line":231,"column":8},"end":{"line":231,"column":82}},"43":{"start":{"line":232,"column":8},"end":{"line":232,"column":68}},"44":{"start":{"line":235,"column":8},"end":{"line":235,"column":41}},"45":{"start":{"line":236,"column":8},"end":{"line":236,"column":8934}},"46":{"start":{"line":237,"column":12},"end":{"line":237,"column":75}},"47":{"start":{"line":238,"column":12},"end":{"line":238,"column":9074}},"48":{"start":{"line":240,"column":16},"end":{"line":240,"column":85}},"49":{"start":{"line":245,"column":8},"end":{"line":245,"column":9323}},"50":{"start":{"line":246,"column":12},"end":{"line":246,"column":52}},"51":{"start":{"line":247,"column":12},"end":{"line":247,"column":59}},"52":{"start":{"line":258,"column":8},"end":{"line":258,"column":52}},"53":{"start":{"line":259,"column":8},"end":{"line":259,"column":9800}},"54":{"start":{"line":266,"column":8},"end":{"line":266,"column":10002}},"55":{"start":{"line":267,"column":12},"end":{"line":267,"column":54}},"56":{"start":{"line":268,"column":12},"end":{"line":268,"column":66}},"57":{"start":{"line":269,"column":12},"end":{"line":269,"column":10199}},"58":{"start":{"line":272,"column":16},"end":{"line":272,"column":69}},"59":{"start":{"line":277,"column":8},"end":{"line":277,"column":40}},"60":{"start":{"line":288,"column":8},"end":{"line":288,"column":41}},"61":{"start":{"line":289,"column":8},"end":{"line":289,"column":81}},"62":{"start":{"line":292,"column":8},"end":{"line":292,"column":53}},"63":{"start":{"line":294,"column":8},"end":{"line":294,"column":54}},"64":{"start":{"line":303,"column":8},"end":{"line":303,"column":61}},"65":{"start":{"line":304,"column":8},"end":{"line":304,"column":41}},"66":{"start":{"line":306,"column":8},"end":{"line":306,"column":72}},"67":{"start":{"line":321,"column":8},"end":{"line":321,"column":52}},"68":{"start":{"line":322,"column":8},"end":{"line":322,"column":12041}},"69":{"start":{"line":334,"column":8},"end":{"line":334,"column":47}},"70":{"start":{"line":338,"column":8},"end":{"line":338,"column":61}},"71":{"start":{"line":342,"column":8},"end":{"line":342,"column":40}}},"branchMap":{"1":{"line":82,"type":"if","locations":[{"start":{"line":82,"column":8},"end":{"line":82,"column":8}},{"start":{"line":82,"column":8},"end":{"line":82,"column":8}}]},"2":{"line":92,"type":"if","locations":[{"start":{"line":92,"column":55},"end":{"line":92,"column":55}},{"start":{"line":92,"column":55},"end":{"line":92,"column":55}}]},"3":{"line":93,"type":"if","locations":[{"start":{"line":93,"column":8},"end":{"line":93,"column":8}},{"start":{"line":93,"column":8},"end":{"line":93,"column":8}}]},"4":{"line":98,"type":"if","locations":[{"start":{"line":98,"column":58},"end":{"line":98,"column":58}},{"start":{"line":98,"column":58},"end":{"line":98,"column":58}}]},"5":{"line":103,"type":"if","locations":[{"start":{"line":103,"column":57},"end":{"line":103,"column":57}},{"start":{"line":103,"column":57},"end":{"line":103,"column":57}}]},"6":{"line":104,"type":"if","locations":[{"start":{"line":104,"column":8},"end":{"line":104,"column":8}},{"start":{"line":104,"column":8},"end":{"line":104,"column":8}}]},"7":{"line":110,"type":"if","locations":[{"start":{"line":110,"column":55},"end":{"line":110,"column":55}},{"start":{"line":110,"column":55},"end":{"line":110,"column":55}}]},"8":{"line":111,"type":"if","locations":[{"start":{"line":111,"column":8},"end":{"line":111,"column":8}},{"start":{"line":111,"column":8},"end":{"line":111,"column":8}}]},"9":{"line":115,"type":"if","locations":[{"start":{"line":115,"column":30},"end":{"line":115,"column":30}},{"start":{"line":115,"column":30},"end":{"line":115,"column":30}}]},"10":{"line":119,"type":"if","locations":[{"start":{"line":119,"column":32},"end":{"line":119,"column":32}},{"start":{"line":119,"column":32},"end":{"line":119,"column":32}}]},"11":{"line":137,"type":"if","locations":[{"start":{"line":137,"column":15},"end":{"line":137,"column":15}},{"start":{"line":137,"column":15},"end":{"line":137,"column":15}}]},"12":{"line":137,"type":"if","locations":[{"start":{"line":137,"column":39},"end":{"line":137,"column":39}},{"start":{"line":137,"column":39},"end":{"line":137,"column":39}}]},"13":{"line":138,"type":"if","locations":[{"start":{"line":138,"column":8},"end":{"line":138,"column":8}},{"start":{"line":138,"column":8},"end":{"line":138,"column":8}}]},"14":{"line":139,"type":"if","locations":[{"start":{"line":139,"column":8},"end":{"line":139,"column":8}},{"start":{"line":139,"column":8},"end":{"line":139,"column":8}}]},"15":{"line":140,"type":"if","locations":[{"start":{"line":140,"column":8},"end":{"line":140,"column":8}},{"start":{"line":140,"column":8},"end":{"line":140,"column":8}}]},"16":{"line":158,"type":"if","locations":[{"start":{"line":158,"column":55},"end":{"line":158,"column":55}},{"start":{"line":158,"column":55},"end":{"line":158,"column":55}}]},"17":{"line":158,"type":"if","locations":[{"start":{"line":158,"column":68},"end":{"line":158,"column":68}},{"start":{"line":158,"column":68},"end":{"line":158,"column":68}}]},"18":{"line":160,"type":"if","locations":[{"start":{"line":160,"column":8},"end":{"line":160,"column":8}},{"start":{"line":160,"column":8},"end":{"line":160,"column":8}}]},"19":{"line":161,"type":"if","locations":[{"start":{"line":161,"column":8},"end":{"line":161,"column":8}},{"start":{"line":161,"column":8},"end":{"line":161,"column":8}}]},"20":{"line":179,"type":"if","locations":[{"start":{"line":179,"column":53},"end":{"line":179,"column":53}},{"start":{"line":179,"column":53},"end":{"line":179,"column":53}}]},"21":{"line":181,"type":"if","locations":[{"start":{"line":181,"column":8},"end":{"line":181,"column":8}},{"start":{"line":181,"column":8},"end":{"line":181,"column":8}}]},"22":{"line":182,"type":"if","locations":[{"start":{"line":182,"column":8},"end":{"line":182,"column":8}},{"start":{"line":182,"column":8},"end":{"line":182,"column":8}}]},"23":{"line":196,"type":"if","locations":[{"start":{"line":196,"column":51},"end":{"line":196,"column":51}},{"start":{"line":196,"column":51},"end":{"line":196,"column":51}}]},"24":{"line":198,"type":"if","locations":[{"start":{"line":198,"column":8},"end":{"line":198,"column":8}},{"start":{"line":198,"column":8},"end":{"line":198,"column":8}}]},"25":{"line":216,"type":"if","locations":[{"start":{"line":216,"column":15},"end":{"line":216,"column":15}},{"start":{"line":216,"column":15},"end":{"line":216,"column":15}}]},"26":{"line":216,"type":"if","locations":[{"start":{"line":216,"column":39},"end":{"line":216,"column":39}},{"start":{"line":216,"column":39},"end":{"line":216,"column":39}}]},"27":{"line":218,"type":"if","locations":[{"start":{"line":218,"column":8},"end":{"line":218,"column":8}},{"start":{"line":218,"column":8},"end":{"line":218,"column":8}}]},"28":{"line":219,"type":"if","locations":[{"start":{"line":219,"column":8},"end":{"line":219,"column":8}},{"start":{"line":219,"column":8},"end":{"line":219,"column":8}}]},"29":{"line":220,"type":"if","locations":[{"start":{"line":220,"column":8},"end":{"line":220,"column":8}},{"start":{"line":220,"column":8},"end":{"line":220,"column":8}}]},"30":{"line":221,"type":"if","locations":[{"start":{"line":221,"column":8},"end":{"line":221,"column":8}},{"start":{"line":221,"column":8},"end":{"line":221,"column":8}}]},"31":{"line":228,"type":"if","locations":[{"start":{"line":228,"column":8},"end":{"line":228,"column":8}},{"start":{"line":228,"column":8},"end":{"line":228,"column":8}}]},"32":{"line":238,"type":"if","locations":[{"start":{"line":238,"column":12},"end":{"line":238,"column":12}},{"start":{"line":238,"column":12},"end":{"line":238,"column":12}}]},"33":{"line":245,"type":"if","locations":[{"start":{"line":245,"column":8},"end":{"line":245,"column":8}},{"start":{"line":245,"column":8},"end":{"line":245,"column":8}}]},"34":{"line":257,"type":"if","locations":[{"start":{"line":257,"column":55},"end":{"line":257,"column":55}},{"start":{"line":257,"column":55},"end":{"line":257,"column":55}}]},"35":{"line":257,"type":"if","locations":[{"start":{"line":257,"column":79},"end":{"line":257,"column":79}},{"start":{"line":257,"column":79},"end":{"line":257,"column":79}}]},"36":{"line":259,"type":"if","locations":[{"start":{"line":259,"column":8},"end":{"line":259,"column":8}},{"start":{"line":259,"column":8},"end":{"line":259,"column":8}}]},"37":{"line":260,"type":"cond-expr","locations":[{"start":{"line":260,"column":12},"end":{"line":260,"column":54}},{"start":{"line":261,"column":12},"end":{"line":261,"column":48}}]},"38":{"line":269,"type":"if","locations":[{"start":{"line":269,"column":12},"end":{"line":269,"column":12}},{"start":{"line":269,"column":12},"end":{"line":269,"column":12}}]},"39":{"line":287,"type":"if","locations":[{"start":{"line":287,"column":62},"end":{"line":287,"column":62}},{"start":{"line":287,"column":62},"end":{"line":287,"column":62}}]},"40":{"line":287,"type":"if","locations":[{"start":{"line":287,"column":75},"end":{"line":287,"column":75}},{"start":{"line":287,"column":75},"end":{"line":287,"column":75}}]},"41":{"line":288,"type":"if","locations":[{"start":{"line":288,"column":8},"end":{"line":288,"column":8}},{"start":{"line":288,"column":8},"end":{"line":288,"column":8}}]},"42":{"line":289,"type":"if","locations":[{"start":{"line":289,"column":8},"end":{"line":289,"column":8}},{"start":{"line":289,"column":8},"end":{"line":289,"column":8}}]},"43":{"line":302,"type":"if","locations":[{"start":{"line":302,"column":61},"end":{"line":302,"column":61}},{"start":{"line":302,"column":61},"end":{"line":302,"column":61}}]},"44":{"line":302,"type":"if","locations":[{"start":{"line":302,"column":74},"end":{"line":302,"column":74}},{"start":{"line":302,"column":74},"end":{"line":302,"column":74}}]},"45":{"line":303,"type":"if","locations":[{"start":{"line":303,"column":8},"end":{"line":303,"column":8}},{"start":{"line":303,"column":8},"end":{"line":303,"column":8}}]},"46":{"line":304,"type":"if","locations":[{"start":{"line":304,"column":8},"end":{"line":304,"column":8}},{"start":{"line":304,"column":8},"end":{"line":304,"column":8}}]}}},
"contracts/MockUSDC.sol":{"l":{"21":155,"28":0,"37":66,"46":0,"53":0},"path":"/Users/psavelis/github.com/leetgaming-pro/replay-api/test/blockchain/contracts/MockUSDC.sol","s":{"1":155,"2":0,"3":66,"4":0,"5":0},"b":{"1":[66,0],"2":[0,0]},"f":{"1":155,"2":0,"3":66,"4":0,"5":0},"fnMap":{"1":{"name":"constructor","line":18,"loc":{"start":{"line":16,"column":4},"end":{"line":22,"column":4}}},"2":{"name":"decimals","line":27,"loc":{"start":{"line":27,"column":4},"end":{"line":29,"column":4}}},"3":{"name":"mint","line":36,"loc":{"start":{"line":36,"column":4},"end":{"line":38,"column":4}}},"4":{"name":"mintDollars","line":45,"loc":{"start":{"line":45,"column":4},"end":{"line":47,"column":4}}},"5":{"name":"faucet","line":52,"loc":{"start":{"line":52,"column":4},"end":{"line":54,"column":4}}}},"statementMap":{"1":{"start":{"line":21,"column":8},"end":{"line":21,"column":52}},"2":{"start":{"line":28,"column":8},"end":{"line":28,"column":23}},"3":{"start":{"line":37,"column":8},"end":{"line":37,"column":24}},"4":{"start":{"line":46,"column":8},"end":{"line":46,"column":48}},"5":{"start":{"line":53,"column":8},"end":{"line":53,"column":45}}},"branchMap":{"1":{"line":36,"type":"if","locations":[{"start":{"line":36,"column":53},"end":{"line":36,"column":53}},{"start":{"line":36,"column":53},"end":{"line":36,"column":53}}]},"2":{"line":45,"type":"if","locations":[{"start":{"line":45,"column":69},"end":{"line":45,"column":69}},{"start":{"line":45,"column":69},"end":{"line":45,"column":69}}]}}},
"contracts/MockUSDT.sol":{"l":{"21":2,"28":0,"35":0,"42":0,"49":0},"path":"/Users/psavelis/github.com/leetgaming-pro/replay-api/test/blockchain/contracts/MockUSDT.sol","s":{"1":2,"2":0,"3":0,"4":0,"5":0},"b":{"1":[0,0],"2":[0,0]},"f":{"1":2,"2":0,"3":0,"4":0,"5":0},"fnMap":{"1":{"name":"constructor","line":18,"loc":{"start":{"line":16,"column":4},"end":{"line":22,"column":4}}},"2":{"name":"decimals","line":27,"loc":{"start":{"line":27,"column":4},"end":{"line":29,"column":4}}},"3":{"name":"mint","line":34,"loc":{"start":{"line":34,"column":4},"end":{"line":36,"column":4}}},"4":{"name":"mintDollars","line":41,"loc":{"start":{"line":41,"column":4},"end":{"line":43,"column":4}}},"5":{"name":"faucet","line":48,"loc":{"start":{"line":48,"column":4},"end":{"line":50,"column":4}}}},"statementMap":{"1":{"start":{"line":21,"column":8},"end":{"line":21,"column":52}},"2":{"start":{"line":28,"column":8},"end":{"line":28,"column":23}},"3":{"start":{"line":35,"column":8},"end":{"line":35,"column":24}},"4":{"start":{"line":42,"column":8},"end":{"line":42,"column":48}},"5":{"start":{"line":49,"column":8},"end":{"line":49,"column":45}}},"branchMap":{"1":{"line":34,"type":"if","locations":[{"start":{"line":34,"column":53},"end":{"line":34,"column":53}},{"start":{"line":34,"column":53},"end":{"line":34,"column":53}}]},"2":{"line":41,"type":"if","locations":[{"start":{"line":41,"column":69},"end":{"line":41,"column":69}},{"start":{"line":41,"column":69},"end":{"line":41,"column":69}}]}}},
"contracts/paymaster/LeetPaymaster.sol":{"l":{"80":58,"81":57,"82":56,"84":55,"85":55,"86":55,"88":55,"89":55,"90":55,"108":19,"112":18,"114":18,"115":17,"117":17,"119":11,"120":8,"124":2,"125":1,"129":2,"130":2,"134":1,"136":1,"140":2,"141":2,"142":1,"145":0,"149":11,"150":10,"152":10,"167":6,"169":5,"172":5,"174":3,"175":3,"176":3,"178":3,"182":1,"183":1,"187":1,"191":1,"194":1,"195":1,"199":1,"200":1,"202":1,"223":18,"224":18,"229":2,"230":2,"235":2,"239":11,"241":11,"244":10,"245":10,"246":1,"247":1,"251":10,"252":9,"254":8,"262":2,"268":2,"269":2,"273":2,"274":2,"285":12,"294":12,"298":1,"302":6,"303":6,"307":55,"308":55,"309":55,"313":1,"314":1,"315":1,"319":2,"320":1,"324":2,"325":1,"326":1,"327":1,"331":3,"341":2,"342":1,"343":1,"347":1,"359":6,"360":6,"361":6,"363":6,"373":2,"377":1},"path":"/Users/psavelis/github.com/leetgaming-pro/replay-api/test/blockchain/contracts/paymaster/LeetPaymaster.sol","s":{"1":58,"2":57,"3":56,"4":55,"5":55,"6":55,"7":19,"8":18,"9":18,"10":17,"11":17,"12":11,"13":6,"14":2,"15":4,"16":2,"17":2,"18":1,"19":2,"20":2,"21":2,"22":0,"23":11,"24":10,"25":6,"26":5,"27":5,"28":3,"29":3,"30":2,"31":1,"32":1,"33":1,"34":1,"35":1,"36":1,"37":1,"38":1,"39":18,"40":0,"41":18,"42":2,"43":11,"44":11,"45":1,"46":10,"47":10,"48":10,"49":1,"50":9,"51":1,"52":8,"53":2,"54":2,"55":2,"56":2,"57":2,"58":12,"59":6,"60":55,"61":1,"62":2,"63":2,"64":1,"65":1,"66":2,"67":1,"68":1,"69":1,"70":6,"71":6,"72":6,"73":6,"74":2,"75":1},"b":{"1":[57,1],"2":[56,1],"3":[55,1],"4":[18,1],"5":[11,6],"6":[8,3],"7":[2,4],"8":[1,1],"9":[2,2],"10":[1,1],"11":[2,0],"12":[1,1],"13":[10,1],"14":[5,1],"15":[3,2],"16":[1,1],"17":[1,0],"18":[1,0],"19":[0,18],"20":[1,10],"21":[1,9],"22":[1,9],"23":[1,8],"24":[12,1],"25":[1,0],"26":[6,1],"27":[55,1],"28":[1,0],"29":[2,0],"30":[1,1],"31":[2,0],"32":[1,1],"33":[3,0],"34":[2,1],"35":[1,1],"36":[1,0],"37":[1,0],"38":[2,4],"39":[6,0]},"f":{"1":58,"2":19,"3":6,"4":18,"5":2,"6":2,"7":11,"8":2,"9":2,"10":12,"11":1,"12":6,"13":55,"14":1,"15":2,"16":2,"17":3,"18":1,"19":2,"20":1,"21":6,"22":2,"23":1},"fnMap":{"1":{"name":"constructor","line":79,"loc":{"start":{"line":79,"column":4},"end":{"line":91,"column":4}}},"2":{"name":"validatePaymasterUserOp","line":103,"loc":{"start":{"line":103,"column":4},"end":{"line":153,"column":4}}},"3":{"name":"postOp","line":161,"loc":{"start":{"line":161,"column":4},"end":{"line":205,"column":4}}},"4":{"name":"_decodePaymentMode","line":222,"loc":{"start":{"line":222,"column":4},"end":{"line":225,"column":4}}},"5":{"name":"_decodeTokenPayment","line":227,"loc":{"start":{"line":227,"column":4},"end":{"line":231,"column":4}}},"6":{"name":"_extractSignature","line":233,"loc":{"start":{"line":233,"column":4},"end":{"line":236,"column":4}}},"7":{"name":"_validateSponsorship","line":238,"loc":{"start":{"line":238,"column":4},"end":{"line":255,"column":4}}},"8":{"name":"_validateVerifyingSignature","line":257,"loc":{"start":{"line":257,"column":4},"end":{"line":270,"column":4}}},"9":{"name":"_calculateTokenCost","line":272,"loc":{"start":{"line":272,"column":4},"end":{"line":275,"column":4}}},"10":{"name":"configureSponsorship","line":284,"loc":{"start":{"line":279,"column":4},"end":{"line":295,"column":4}}},"11":{"name":"disableSponsorship","line":297,"loc":{"start":{"line":297,"column":4},"end":{"line":299,"column":4}}},"12":{"name":"addGasCredits","line":301,"loc":{"start":{"line":301,"column":4},"end":{"line":304,"column":4}}},"13":{"name":"setAcceptedToken","line":306,"loc":{"start":{"line":306,"column":4},"end":{"line":310,"column":4}}},"14":{"name":"removeAcceptedToken","line":312,"loc":{"start":{"line":312,"column":4},"end":{"line":316,"column":4}}},"15":{"name":"setTreasury","line":318,"loc":{"start":{"line":318,"column":4},"end":{"line":321,"column":4}}},"16":{"name":"setVerifyingSigner","line":323,"loc":{"start":{"line":323,"column":4},"end":{"line":328,"column":4}}},"17":{"name":"setMinTxInterval","line":330,"loc":{"start":{"line":330,"column":4},"end":{"line":332,"column":4}}},"18":{"name":"deposit","line":336,"loc":{"start":{"line":336,"column":4},"end":{"line":338,"column":4}}},"19":{"name":"withdrawETH","line":340,"loc":{"start":{"line":340,"column":4},"end":{"line":344,"column":4}}},"20":{"name":"withdrawToken","line":346,"loc":{"start":{"line":346,"column":4},"end":{"line":348,"column":4}}},"21":{"name":"getSponsorshipInfo","line":352,"loc":{"start":{"line":352,"column":4},"end":{"line":370,"column":4}}},"22":{"name":"getTokenPrice","line":372,"loc":{"start":{"line":372,"column":4},"end":{"line":374,"column":4}}},"23":{"name":"estimateTokenCost","line":376,"loc":{"start":{"line":376,"column":4},"end":{"line":378,"column":4}}}},"statementMap":{"1":{"start":{"line":80,"column":8},"end":{"line":80,"column":64}},"2":{"start":{"line":81,"column":8},"end":{"line":81,"column":59}},"3":{"start":{"line":82,"column":8},"end":{"line":82,"column":64}},"4":{"start":{"line":88,"column":8},"end":{"line":88,"column":49}},"5":{"start":{"line":89,"column":8},"end":{"line":89,"column":44}},"6":{"start":{"line":90,"column":8},"end":{"line":90,"column":48}},"7":{"start":{"line":108,"column":8},"end":{"line":108,"column":59}},"8":{"start":{"line":112,"column":8},"end":{"line":112,"column":67}},"9":{"start":{"line":114,"column":8},"end":{"line":114,"column":60}},"10":{"start":{"line":115,"column":8},"end":{"line":115,"column":38}},"11":{"start":{"line":117,"column":8},"end":{"line":117,"column":4376}},"12":{"start":{"line":119,"column":12},"end":{"line":119,"column":80}},"13":{"start":{"line":122,"column":13},"end":{"line":122,"column":4638}},"14":{"start":{"line":124,"column":12},"end":{"line":124,"column":73}},"15":{"start":{"line":127,"column":13},"end":{"line":127,"column":4895}},"16":{"start":{"line":129,"column":12},"end":{"line":129,"column":85}},"17":{"start":{"line":130,"column":12},"end":{"line":130,"column":63}},"18":{"start":{"line":134,"column":12},"end":{"line":134,"column":77}},"19":{"start":{"line":138,"column":13},"end":{"line":138,"column":5447}},"20":{"start":{"line":140,"column":12},"end":{"line":140,"column":69}},"21":{"start":{"line":141,"column":12},"end":{"line":141,"column":99}},"22":{"start":{"line":145,"column":12},"end":{"line":145,"column":41}},"23":{"start":{"line":149,"column":8},"end":{"line":149,"column":90}},"24":{"start":{"line":152,"column":8},"end":{"line":152,"column":27}},"25":{"start":{"line":167,"column":8},"end":{"line":167,"column":59}},"26":{"start":{"line":169,"column":8},"end":{"line":169,"column":6649}},"27":{"start":{"line":172,"column":8},"end":{"line":172,"column":6729}},"28":{"start":{"line":174,"column":12},"end":{"line":174,"column":67}},"29":{"start":{"line":178,"column":12},"end":{"line":178,"column":64}},"30":{"start":{"line":180,"column":13},"end":{"line":180,"column":7067}},"31":{"start":{"line":183,"column":12},"end":{"line":183,"column":54}},"32":{"start":{"line":185,"column":13},"end":{"line":185,"column":7275}},"33":{"start":{"line":187,"column":12},"end":{"line":187,"column":7463}},"34":{"start":{"line":191,"column":12},"end":{"line":191,"column":79}},"35":{"start":{"line":194,"column":12},"end":{"line":194,"column":7714}},"36":{"start":{"line":195,"column":16},"end":{"line":195,"column":80}},"37":{"start":{"line":199,"column":12},"end":{"line":199,"column":64}},"38":{"start":{"line":202,"column":12},"end":{"line":202,"column":76}},"39":{"start":{"line":223,"column":8},"end":{"line":223,"column":57}},"40":{"start":{"line":223,"column":29},"end":{"line":223,"column":57}},"41":{"start":{"line":224,"column":8},"end":{"line":224,"column":42}},"42":{"start":{"line":235,"column":8},"end":{"line":235,"column":25}},"43":{"start":{"line":239,"column":8},"end":{"line":239,"column":63}},"44":{"start":{"line":241,"column":8},"end":{"line":241,"column":42}},"45":{"start":{"line":241,"column":30},"end":{"line":241,"column":42}},"46":{"start":{"line":244,"column":8},"end":{"line":244,"column":53}},"47":{"start":{"line":245,"column":8},"end":{"line":245,"column":9503}},"48":{"start":{"line":251,"column":8},"end":{"line":251,"column":53}},"49":{"start":{"line":251,"column":41},"end":{"line":251,"column":53}},"50":{"start":{"line":252,"column":8},"end":{"line":252,"column":72}},"51":{"start":{"line":252,"column":60},"end":{"line":252,"column":72}},"52":{"start":{"line":254,"column":8},"end":{"line":254,"column":19}},"53":{"start":{"line":262,"column":8},"end":{"line":262,"column":10034}},"54":{"start":{"line":268,"column":8},"end":{"line":268,"column":48}},"55":{"start":{"line":269,"column":8},"end":{"line":269,"column":43}},"56":{"start":{"line":273,"column":8},"end":{"line":273,"column":42}},"57":{"start":{"line":274,"column":8},"end":{"line":274,"column":52}},"58":{"start":{"line":294,"column":8},"end":{"line":294,"column":66}},"59":{"start":{"line":303,"column":8},"end":{"line":303,"column":44}},"60":{"start":{"line":309,"column":8},"end":{"line":309,"column":46}},"61":{"start":{"line":315,"column":8},"end":{"line":315,"column":32}},"62":{"start":{"line":319,"column":8},"end":{"line":319,"column":61}},"63":{"start":{"line":324,"column":8},"end":{"line":324,"column":57}},"64":{"start":{"line":325,"column":8},"end":{"line":325,"column":48}},"65":{"start":{"line":326,"column":8},"end":{"line":326,"column":41}},"66":{"start":{"line":341,"column":8},"end":{"line":341,"column":71}},"67":{"start":{"line":342,"column":8},"end":{"line":342,"column":58}},"68":{"start":{"line":343,"column":8},"end":{"line":343,"column":42}},"69":{"start":{"line":347,"column":8},"end":{"line":347,"column":51}},"70":{"start":{"line":359,"column":8},"end":{"line":359,"column":63}},"71":{"start":{"line":360,"column":8},"end":{"line":360,"column":53}},"72":{"start":{"line":361,"column":8},"end":{"line":361,"column":78}},"73":{"start":{"line":363,"column":8},"end":{"line":363,"column":13495}},"74":{"start":{"line":373,"column":8},"end":{"line":373,"column":33}},"75":{"start":{"line":377,"column":8},"end":{"line":377,"column":52}}},"branchMap":{"1":{"line":80,"type":"if","locations":[{"start":{"line":80,"column":8},"end":{"line":80,"column":8}},{"start":{"line":80,"column":8},"end":{"line":80,"column":8}}]},"2":{"line":81,"type":"if","locations":[{"start":{"line":81,"column":8},"end":{"line":81,"column":8}},{"start":{"line":81,"column":8},"end":{"line":81,"column":8}}]},"3":{"line":82,"type":"if","locations":[{"start":{"line":82,"column":8},"end":{"line":82,"column":8}},{"start":{"line":82,"column":8},"end":{"line":82,"column":8}}]},"4":{"line":108,"type":"if","locations":[{"start":{"line":108,"column":8},"end":{"line":108,"column":8}},{"start":{"line":108,"column":8},"end":{"line":108,"column":8}}]},"5":{"line":117,"type":"if","locations":[{"start":{"line":117,"column":8},"end":{"line":117,"column":8}},{"start":{"line":117,"column":8},"end":{"line":117,"column":8}}]},"6":{"line":119,"type":"if","locations":[{"start":{"line":119,"column":12},"end":{"line":119,"column":12}},{"start":{"line":119,"column":12},"end":{"line":119,"column":12}}]},"7":{"line":122,"type":"if","locations":[{"start":{"line":122,"column":13},"end":{"line":122,"column":13}},{"start":{"line":122,"column":13},"end":{"line":122,"column":13}}]},"8":{"line":124,"type":"if","locations":[{"start":{"line":124,"column":12},"end":{"line":124,"column":12}},{"start":{"line":124,"column":12},"end":{"line":124,"column":12}}]},"9":{"line":127,"type":"if","locations":[{"start":{"line":127,"column":13},"end":{"line":127,"column":13}},{"start":{"line":127,"column":13},"end":{"line":127,"column":13}}]},"10":{"line":130,"type":"if","locations":[{"start":{"line":130,"column":12},"end":{"line":130,"column":12}},{"start":{"line":130,"column":12},"end":{"line":130,"column":12}}]},"11":{"line":138,"type":"if","locations":[{"start":{"line":138,"column":13},"end":{"line":138,"column":13}},{"start":{"line":138,"column":13},"end":{"line":138,"column":13}}]},"12":{"line":141,"type":"if","locations":[{"start":{"line":141,"column":12},"end":{"line":141,"column":12}},{"start":{"line":141,"column":12},"end":{"line":141,"column":12}}]},"13":{"line":149,"type":"if","locations":[{"start":{"line":149,"column":8},"end":{"line":149,"column":8}},{"start":{"line":149,"column":8},"end":{"line":149,"column":8}}]},"14":{"line":167,"type":"if","locations":[{"start":{"line":167,"column":8},"end":{"line":167,"column":8}},{"start":{"line":167,"column":8},"end":{"line":167,"column":8}}]},"15":{"line":172,"type":"if","locations":[{"start":{"line":172,"column":8},"end":{"line":172,"column":8}},{"start":{"line":172,"column":8},"end":{"line":172,"column":8}}]},"16":{"line":180,"type":"if","locations":[{"start":{"line":180,"column":13},"end":{"line":180,"column":13}},{"start":{"line":180,"column":13},"end":{"line":180,"column":13}}]},"17":{"line":185,"type":"if","locations":[{"start":{"line":185,"column":13},"end":{"line":185,"column":13}},{"start":{"line":185,"column":13},"end":{"line":185,"column":13}}]},"18":{"line":194,"type":"if","locations":[{"start":{"line":194,"column":12},"end":{"line":194,"column":12}},{"start":{"line":194,"column":12},"end":{"line":194,"column":12}}]},"19":{"line":223,"type":"if","locations":[{"start":{"line":223,"column":8},"end":{"line":223,"column":8}},{"start":{"line":223,"column":8},"end":{"line":223,"column":8}}]},"20":{"line":241,"type":"if","locations":[{"start":{"line":241,"column":8},"end":{"line":241,"column":8}},{"start":{"line":241,"column":8},"end":{"line":241,"column":8}}]},"21":{"line":245,"type":"if","locations":[{"start":{"line":245,"column":8},"end":{"line":245,"column":8}},{"start":{"line":245,"column":8},"end":{"line":245,"column":8}}]},"22":{"line":251,"type":"if","locations":[{"start":{"line":251,"column":8},"end":{"line":251,"column":8}},{"start":{"line":251,"column":8},"end":{"line":251,"column":8}}]},"23":{"line":252,"type":"if","locations":[{"start":{"line":252,"column":8},"end":{"line":252,"column":8}},{"start":{"line":252,"column":8},"end":{"line":252,"column":8}}]},"24":{"line":284,"type":"if","locations":[{"start":{"line":284,"column":15},"end":{"line":284,"column":15}},{"start":{"line":284,"column":15},"end":{"line":284,"column":15}}]},"25":{"line":297,"type":"if","locations":[{"start":{"line":297,"column":57},"end":{"line":297,"column":57}},{"start":{"line":297,"column":57},"end":{"line":297,"column":57}}]},"26":{"line":301,"type":"if","locations":[{"start":{"line":301,"column":68},"end":{"line":301,"column":68}},{"start":{"line":301,"column":68},"end":{"line":301,"column":68}}]},"27":{"line":306,"type":"if","locations":[{"start":{"line":306,"column":75},"end":{"line":306,"column":75}},{"start":{"line":306,"column":75},"end":{"line":306,"column":75}}]},"28":{"line":312,"type":"if","locations":[{"start":{"line":312,"column":57},"end":{"line":312,"column":57}},{"start":{"line":312,"column":57},"end":{"line":312,"column":57}}]},"29":{"line":318,"type":"if","locations":[{"start":{"line":318,"column":55},"end":{"line":318,"column":55}},{"start":{"line":318,"column":55},"end":{"line":318,"column":55}}]},"30":{"line":319,"type":"if","locations":[{"start":{"line":319,"column":8},"end":{"line":319,"column":8}},{"start":{"line":319,"column":8},"end":{"line":319,"column":8}}]},"31":{"line":323,"type":"if","locations":[{"start":{"line":323,"column":60},"end":{"line":323,"column":60}},{"start":{"line":323,"column":60},"end":{"line":323,"column":60}}]},"32":{"line":324,"type":"if","locations":[{"start":{"line":324,"column":8},"end":{"line":324,"column":8}},{"start":{"line":324,"column":8},"end":{"line":324,"column":8}}]},"33":{"line":330,"type":"if","locations":[{"start":{"line":330,"column":57},"end":{"line":330,"column":57}},{"start":{"line":330,"column":57},"end":{"line":330,"column":57}}]},"34":{"line":340,"type":"if","locations":[{"start":{"line":340,"column":50},"end":{"line":340,"column":50}},{"start":{"line":340,"column":50},"end":{"line":340,"column":50}}]},"35":{"line":341,"type":"if","locations":[{"start":{"line":341,"column":8},"end":{"line":341,"column":8}},{"start":{"line":341,"column":8},"end":{"line":341,"column":8}}]},"36":{"line":343,"type":"if","locations":[{"start":{"line":343,"column":8},"end":{"line":343,"column":8}},{"start":{"line":343,"column":8},"end":{"line":343,"column":8}}]},"37":{"line":346,"type":"if","locations":[{"start":{"line":346,"column":67},"end":{"line":346,"column":67}},{"start":{"line":346,"column":67},"end":{"line":346,"column":67}}]},"38":{"line":361,"type":"if","locations":[{"start":{"line":361,"column":58},"end":{"line":361,"column":58}},{"start":{"line":361,"column":62},"end":{"line":361,"column":77}}]},"39":{"line":368,"type":"if","locations":[{"start":{"line":368,"column":39},"end":{"line":368,"column":62}},{"start":{"line":368,"column":66},"end":{"line":368,"column":66}}]}}},
"contracts/test/TestHelpers.sol":{"l":{},"path":"/Users/psavelis/github.com/leetgaming-pro/replay-api/test/blockchain/contracts/test/TestHelpers.sol","s":{},"b":{},"f":{},"fnMap":{},"statementMap":{},"branchMap":{}}}
