TN:
SF:/Users/psavelis/github.com/leetgaming-pro/replay-api/test/blockchain/contracts/aa/LeetSmartWallet.sol
FN:108,onlyOwner
FN:113,onlyEntryPoint
FN:118,onlyOwnerOrEntryPoint
FN:123,notFrozen
FN:130,constructor
FN:140,initialize
FN:168,validateUserOp
FN:177,_validateSignature
FN:209,execute
FN:226,executeBatch
FN:248,_checkAndUpdateSpendingLimit
FN:259,setDailyLimit
FN:266,addGuardian
FN:282,removeGuardian
FN:299,setGuardianThreshold
FN:306,initiateRecovery
FN:327,approveRecovery
FN:338,executeRecovery
FN:358,cancelRecovery
FN:375,addSessionKey
FN:392,revokeSessionKey
FN:398,_revokeAllSessionKeys
FN:405,freeze
FN:411,unfreeze
FN:419,isValidSignature
FN:432,getGuardians
FN:436,getRecoveryInfo
FN:452,getSpendingInfo
FN:472,_authorizeUpgrade
FNF:29
FNH:25
FNDA:47,onlyOwner
FNDA:0,onlyEntryPoint
FNDA:10,onlyOwnerOrEntryPoint
FNDA:9,notFrozen
FNDA:38,constructor
FNDA:36,initialize
FNDA:0,validateUserOp
FNDA:0,_validateSignature
FNDA:7,execute
FNDA:1,executeBatch
FNDA:8,_checkAndUpdateSpendingLimit
FNDA:1,setDailyLimit
FNDA:30,addGuardian
FNDA:1,removeGuardian
FNDA:8,setGuardianThreshold
FNDA:8,initiateRecovery
FNDA:3,approveRecovery
FNDA:3,executeRecovery
FNDA:1,cancelRecovery
FNDA:3,addSessionKey
FNDA:1,revokeSessionKey
FNDA:1,_revokeAllSessionKeys
FNDA:5,freeze
FNDA:2,unfreeze
FNDA:2,isValidSignature
FNDA:2,getGuardians
FNDA:3,getRecoveryInfo
FNDA:1,getSpendingInfo
FNDA:0,_authorizeUpgrade
DA:109,47
DA:110,47
DA:114,0
DA:115,0
DA:119,10
DA:120,9
DA:124,9
DA:125,8
DA:131,38
DA:141,36
DA:142,36
DA:144,36
DA:145,36
DA:146,36
DA:147,36
DA:148,36
DA:149,36
DA:150,36
DA:152,36
DA:169,0
DA:171,0
DA:172,0
DA:173,0
DA:181,0
DA:182,0
DA:185,0
DA:186,0
DA:190,0
DA:191,0
DA:194,0
DA:197,0
DA:210,7
DA:212,6
DA:213,6
DA:215,6
DA:216,6
DA:227,1
DA:229,1
DA:230,1
DA:232,1
DA:233,1
DA:236,1
DA:238,1
DA:239,2
DA:240,2
DA:241,2
DA:242,2
DA:250,8
DA:251,1
DA:252,1
DA:255,8
DA:256,7
DA:260,1
DA:261,1
DA:267,30
DA:268,30
DA:269,29
DA:271,28
DA:277,28
DA:279,28
DA:283,1
DA:285,1
DA:288,1
DA:289,1
DA:290,1
DA:291,1
DA:292,1
DA:296,1
DA:300,8
DA:301,8
DA:307,8
DA:308,7
DA:309,7
DA:311,7
DA:314,7
DA:315,7
DA:316,7
DA:317,7
DA:318,7
DA:319,7
DA:321,7
DA:323,7
DA:324,7
DA:328,3
DA:329,3
DA:330,3
DA:332,3
DA:333,3
DA:335,3
DA:339,3
DA:340,3
DA:341,2
DA:342,1
DA:344,1
DA:345,1
DA:347,1
DA:348,1
DA:349,1
DA:352,1
DA:354,1
DA:355,1
DA:359,1
DA:361,1
DA:362,1
DA:364,1
DA:376,3
DA:377,3
DA:379,2
DA:389,2
DA:393,1
DA:394,1
DA:395,1
DA:406,5
DA:407,4
DA:408,4
DA:412,2
DA:413,1
DA:414,1
DA:423,2
DA:424,2
DA:425,1
DA:427,1
DA:433,2
DA:443,3
DA:458,1
DA:459,1
DA:460,0
DA:462,1
LF:128
LH:113
BRDA:109,1,0,47
BRDA:109,1,1,0
BRDA:114,2,0,0
BRDA:114,2,1,0
BRDA:119,3,0,9
BRDA:119,3,1,1
BRDA:119,4,0,8
BRDA:119,4,1,1
BRDA:124,5,0,8
BRDA:124,5,1,1
BRDA:140,6,0,36
BRDA:140,6,1,3
BRDA:141,7,0,36
BRDA:141,7,1,0
BRDA:142,8,0,36
BRDA:142,8,1,0
BRDA:168,9,0,0
BRDA:168,9,1,0
BRDA:171,10,0,0
BRDA:171,10,1,0
BRDA:173,11,0,0
BRDA:173,11,1,0
BRDA:185,12,0,0
BRDA:185,12,1,0
BRDA:191,13,0,0
BRDA:191,13,1,0
BRDA:209,14,0,8
BRDA:209,14,1,1
BRDA:209,15,0,7
BRDA:209,15,1,1
BRDA:213,16,0,6
BRDA:213,16,1,0
BRDA:226,17,0,1
BRDA:226,17,1,0
BRDA:226,18,0,1
BRDA:226,18,1,0
BRDA:227,19,0,1
BRDA:227,19,1,0
BRDA:240,20,0,2
BRDA:240,20,1,0
BRDA:250,21,0,1
BRDA:250,21,1,7
BRDA:255,22,0,7
BRDA:255,22,1,1
BRDA:259,23,0,1
BRDA:259,23,1,0
BRDA:266,24,0,30
BRDA:266,24,1,0
BRDA:267,25,0,30
BRDA:267,25,1,0
BRDA:268,26,0,29
BRDA:268,26,1,1
BRDA:269,27,0,28
BRDA:269,27,1,1
BRDA:282,28,0,1
BRDA:282,28,1,0
BRDA:283,29,0,1
BRDA:283,29,1,0
BRDA:289,30,0,1
BRDA:289,30,1,0
BRDA:299,31,0,8
BRDA:299,31,1,0
BRDA:300,32,0,8
BRDA:300,32,1,0
BRDA:307,33,0,7
BRDA:307,33,1,1
BRDA:308,34,0,7
BRDA:308,34,1,0
BRDA:309,35,0,7
BRDA:309,35,1,0
BRDA:309,36,0,7
BRDA:309,36,1,0
BRDA:328,37,0,3
BRDA:328,37,1,0
BRDA:329,38,0,3
BRDA:329,38,1,0
BRDA:330,39,0,3
BRDA:330,39,1,0
BRDA:339,40,0,3
BRDA:339,40,1,0
BRDA:340,41,0,2
BRDA:340,41,1,1
BRDA:341,42,0,1
BRDA:341,42,1,1
BRDA:342,43,0,1
BRDA:342,43,1,0
BRDA:358,44,0,1
BRDA:358,44,1,0
BRDA:359,45,0,1
BRDA:359,45,1,0
BRDA:375,46,0,3
BRDA:375,46,1,0
BRDA:376,47,0,3
BRDA:376,47,1,0
BRDA:377,48,0,2
BRDA:377,48,1,1
BRDA:392,49,0,1
BRDA:392,49,1,0
BRDA:393,50,0,1
BRDA:393,50,1,0
BRDA:406,51,0,4
BRDA:406,51,1,1
BRDA:406,52,0,3
BRDA:406,52,1,1
BRDA:411,53,0,2
BRDA:411,53,1,0
BRDA:412,54,0,1
BRDA:412,54,1,1
BRDA:424,55,0,1
BRDA:424,55,1,1
BRDA:459,56,0,0
BRDA:459,56,1,1
BRDA:465,57,0,1
BRDA:465,57,1,0
BRDA:472,58,0,0
BRDA:472,58,1,0
BRF:116
BRH:69
end_of_record
TN:
SF:/Users/psavelis/github.com/leetgaming-pro/replay-api/test/blockchain/contracts/GameNFT.sol
FN:24,constructor
FN:35,safeMint
FN:54,batchMint
FN:75,faucet
FN:86,getRarityName
FN:98,tokenURI
FN:107,supportsInterface
FNF:7
FNH:6
FNDA:16,constructor
FNDA:7,safeMint
FNDA:3,batchMint
FNDA:3,faucet
FNDA:0,getRarityName
FNDA:2,tokenURI
FNDA:1,supportsInterface
DA:26,16
DA:36,7
DA:38,6
DA:39,6
DA:40,6
DA:41,6
DA:43,6
DA:45,6
DA:55,3
DA:56,1
DA:58,1
DA:60,1
DA:61,5
DA:62,5
DA:63,5
DA:64,5
DA:66,5
DA:69,1
DA:76,3
DA:77,3
DA:78,3
DA:79,3
DA:80,3
DA:87,0
DA:89,0
DA:90,0
DA:91,0
DA:92,0
DA:93,0
DA:94,0
DA:104,2
DA:113,1
LF:32
LH:25
BRDA:35,1,0,7
BRDA:35,1,1,1
BRDA:36,2,0,6
BRDA:36,2,1,1
BRDA:54,3,0,3
BRDA:54,3,1,1
BRDA:55,4,0,1
BRDA:55,4,1,2
BRDA:56,5,0,1
BRDA:56,5,1,0
BRDA:87,6,0,0
BRDA:87,6,1,0
BRDA:90,7,0,0
BRDA:90,7,1,0
BRDA:91,8,0,0
BRDA:91,8,1,0
BRDA:92,9,0,0
BRDA:92,9,1,0
BRDA:93,10,0,0
BRDA:93,10,1,0
BRF:20
BRH:9
end_of_record
TN:
SF:/Users/psavelis/github.com/leetgaming-pro/replay-api/test/blockchain/contracts/LeetLedger.sol
FN:80,constructor
FN:106,recordEntry
FN:181,recordBatch
FN:226,recordTransfer
FN:258,_recordEntryInternal
FN:312,_hashEntry
FN:326,getEntry
FN:331,getEntryByTxId
FN:336,getAccountEntryCount
FN:340,getAccountEntriesRange
FN:358,getMatchEntries
FN:367,getAccountBalance
FN:371,getTotalEntries
FN:375,getCurrentMerkleRoot
FN:382,verifyChainIntegrity
FN:398,generateEntryProof
FNF:16
FNH:16
FNDA:43,constructor
FNDA:66,recordEntry
FNDA:3,recordBatch
FNDA:3,recordTransfer
FNDA:5,_recordEntryInternal
FNDA:44,_hashEntry
FNDA:2,getEntry
FNDA:2,getEntryByTxId
FNDA:1,getAccountEntryCount
FNDA:2,getAccountEntriesRange
FNDA:1,getMatchEntries
FNDA:1,getAccountBalance
FNDA:1,getTotalEntries
FNDA:1,getCurrentMerkleRoot
FNDA:3,verifyChainIntegrity
FNDA:2,generateEntryProof
DA:81,43
DA:82,43
DA:85,43
DA:107,66
DA:108,65
DA:109,64
DA:112,63
DA:117,63
DA:125,63
DA:139,63
DA:140,63
DA:143,63
DA:144,63
DA:145,63
DA:147,63
DA:148,4
DA:150,63
DA:151,1
DA:155,63
DA:156,63
DA:158,63
DA:160,63
DA:182,3
DA:191,2
DA:192,3
DA:193,3
DA:205,2
DA:227,3
DA:228,2
DA:231,1
DA:232,1
DA:243,1
DA:244,1
DA:267,5
DA:271,5
DA:278,5
DA:292,5
DA:293,5
DA:295,5
DA:296,5
DA:297,5
DA:299,5
DA:300,0
DA:303,5
DA:304,5
DA:306,5
DA:313,44
DA:327,2
DA:328,1
DA:332,2
DA:333,1
DA:337,1
DA:345,2
DA:346,2
DA:347,2
DA:348,1
DA:351,2
DA:352,2
DA:353,2
DA:355,2
DA:359,1
DA:360,1
DA:361,1
DA:362,1
DA:364,1
DA:368,1
DA:372,1
DA:376,1
DA:383,3
DA:384,2
DA:386,1
DA:387,4
DA:388,4
DA:389,0
DA:392,1
DA:404,2
DA:405,1
DA:406,1
LF:78
LH:76
BRDA:106,1,0,66
BRDA:106,1,1,1
BRDA:107,2,0,65
BRDA:107,2,1,1
BRDA:108,3,0,64
BRDA:108,3,1,1
BRDA:109,4,0,63
BRDA:109,4,1,1
BRDA:113,5,0,37
BRDA:113,5,1,26
BRDA:147,6,0,4
BRDA:147,6,1,59
BRDA:150,7,0,1
BRDA:150,7,1,62
BRDA:181,8,0,3
BRDA:181,8,1,0
BRDA:182,9,0,2
BRDA:182,9,1,1
BRDA:192,10,0,3
BRDA:192,10,1,0
BRDA:226,11,0,3
BRDA:226,11,1,0
BRDA:227,12,0,2
BRDA:227,12,1,1
BRDA:228,13,0,1
BRDA:228,13,1,1
BRDA:268,14,0,2
BRDA:268,14,1,3
BRDA:299,15,0,0
BRDA:299,15,1,5
BRDA:327,16,0,1
BRDA:327,16,1,1
BRDA:332,17,0,1
BRDA:332,17,1,1
BRDA:347,18,0,1
BRDA:347,18,1,1
BRDA:383,19,0,2
BRDA:383,19,1,1
BRDA:384,20,0,1
BRDA:384,20,1,1
BRDA:388,21,0,0
BRDA:388,21,1,4
BRDA:404,22,0,1
BRDA:404,22,1,1
BRF:44
BRH:39
end_of_record
TN:
SF:/Users/psavelis/github.com/leetgaming-pro/replay-api/test/blockchain/contracts/LeetVault.sol
FN:81,constructor
FN:92,addSupportedToken
FN:98,removeSupportedToken
FN:103,setEscrowPeriod
FN:110,setTreasury
FN:115,pause
FN:119,unpause
FN:137,createPrizePool
FN:158,depositEntryFee
FN:179,lockPrizePool
FN:196,startEscrow
FN:216,distributePrizes
FN:257,cancelPrizePool
FN:287,withdraw
FN:302,deposit
FN:312,getPrizePoolInfo
FN:333,getParticipants
FN:337,getContribution
FN:341,getUserBalance
FNF:19
FNH:16
FNDA:21,constructor
FNDA:22,addSupportedToken
FNDA:1,removeSupportedToken
FNDA:1,setEscrowPeriod
FNDA:0,setTreasury
FNDA:1,pause
FNDA:1,unpause
FNDA:17,createPrizePool
FNDA:21,depositEntryFee
FNDA:5,lockPrizePool
FNDA:3,startEscrow
FNDA:2,distributePrizes
FNDA:1,cancelPrizePool
FNDA:0,withdraw
FNDA:0,deposit
FNDA:5,getPrizePoolInfo
FNDA:2,getParticipants
FNDA:1,getContribution
FNDA:3,getUserBalance
DA:82,21
DA:83,21
DA:85,21
DA:86,21
DA:87,21
DA:93,22
DA:94,22
DA:95,22
DA:99,1
DA:100,1
DA:104,1
DA:105,1
DA:106,1
DA:107,1
DA:111,0
DA:112,0
DA:116,1
DA:120,1
DA:138,17
DA:139,16
DA:140,15
DA:142,14
DA:143,14
DA:144,14
DA:145,14
DA:146,14
DA:147,14
DA:148,14
DA:149,14
DA:151,14
DA:159,21
DA:160,21
DA:161,21
DA:163,20
DA:164,20
DA:166,20
DA:168,20
DA:169,20
DA:170,20
DA:172,20
DA:180,5
DA:181,5
DA:182,5
DA:185,4
DA:186,4
DA:187,4
DA:189,4
DA:197,3
DA:198,3
DA:200,3
DA:201,3
DA:203,3
DA:217,2
DA:218,2
DA:219,2
DA:220,2
DA:221,2
DA:224,2
DA:225,2
DA:226,2
DA:228,2
DA:231,2
DA:232,2
DA:235,2
DA:236,2
DA:237,3
DA:238,3
DA:239,3
DA:240,3
DA:245,2
DA:246,2
DA:247,2
DA:250,2
DA:258,1
DA:259,1
DA:266,1
DA:267,2
DA:268,2
DA:269,2
DA:270,2
DA:271,2
DA:272,2
DA:276,1
DA:277,1
DA:288,0
DA:289,0
DA:291,0
DA:292,0
DA:294,0
DA:303,0
DA:304,0
DA:306,0
DA:307,0
DA:321,5
DA:322,5
DA:334,2
DA:338,1
DA:342,3
LF:98
LH:87
BRDA:82,1,0,21
BRDA:82,1,1,0
BRDA:92,2,0,22
BRDA:92,2,1,0
BRDA:93,3,0,22
BRDA:93,3,1,0
BRDA:98,4,0,1
BRDA:98,4,1,0
BRDA:103,5,0,1
BRDA:103,5,1,0
BRDA:104,6,0,1
BRDA:104,6,1,0
BRDA:110,7,0,0
BRDA:110,7,1,0
BRDA:111,8,0,0
BRDA:111,8,1,0
BRDA:115,9,0,1
BRDA:115,9,1,0
BRDA:119,10,0,1
BRDA:119,10,1,0
BRDA:137,11,0,17
BRDA:137,11,1,0
BRDA:137,12,0,17
BRDA:137,12,1,0
BRDA:138,13,0,16
BRDA:138,13,1,1
BRDA:139,14,0,15
BRDA:139,14,1,1
BRDA:140,15,0,14
BRDA:140,15,1,1
BRDA:158,16,0,21
BRDA:158,16,1,0
BRDA:158,17,0,21
BRDA:158,17,1,0
BRDA:160,18,0,21
BRDA:160,18,1,0
BRDA:161,19,0,20
BRDA:161,19,1,1
BRDA:179,20,0,5
BRDA:179,20,1,0
BRDA:181,21,0,5
BRDA:181,21,1,0
BRDA:182,22,0,4
BRDA:182,22,1,1
BRDA:196,23,0,3
BRDA:196,23,1,0
BRDA:198,24,0,3
BRDA:198,24,1,0
BRDA:216,25,0,2
BRDA:216,25,1,1
BRDA:216,26,0,2
BRDA:216,26,1,0
BRDA:218,27,0,2
BRDA:218,27,1,0
BRDA:219,28,0,2
BRDA:219,28,1,0
BRDA:220,29,0,2
BRDA:220,29,1,0
BRDA:221,30,0,2
BRDA:221,30,1,0
BRDA:228,31,0,2
BRDA:228,31,1,0
BRDA:238,32,0,3
BRDA:238,32,1,0
BRDA:245,33,0,2
BRDA:245,33,1,0
BRDA:257,34,0,1
BRDA:257,34,1,0
BRDA:257,35,0,1
BRDA:257,35,1,0
BRDA:259,36,0,1
BRDA:259,36,1,0
BRDA:260,37,0,1
BRDA:260,37,1,0
BRDA:269,38,0,2
BRDA:269,38,1,0
BRDA:287,39,0,0
BRDA:287,39,1,0
BRDA:287,40,0,0
BRDA:287,40,1,0
BRDA:288,41,0,0
BRDA:288,41,1,0
BRDA:289,42,0,0
BRDA:289,42,1,0
BRDA:302,43,0,0
BRDA:302,43,1,0
BRDA:302,44,0,0
BRDA:302,44,1,0
BRDA:303,45,0,0
BRDA:303,45,1,0
BRDA:304,46,0,0
BRDA:304,46,1,0
BRF:92
BRH:42
end_of_record
TN:
SF:/Users/psavelis/github.com/leetgaming-pro/replay-api/test/blockchain/contracts/MockUSDC.sol
FN:18,constructor
FN:27,decimals
FN:36,mint
FN:45,mintDollars
FN:52,faucet
FNF:5
FNH:2
FNDA:155,constructor
FNDA:0,decimals
FNDA:66,mint
FNDA:0,mintDollars
FNDA:0,faucet
DA:21,155
DA:28,0
DA:37,66
DA:46,0
DA:53,0
LF:5
LH:2
BRDA:36,1,0,66
BRDA:36,1,1,0
BRDA:45,2,0,0
BRDA:45,2,1,0
BRF:4
BRH:1
end_of_record
TN:
SF:/Users/psavelis/github.com/leetgaming-pro/replay-api/test/blockchain/contracts/MockUSDT.sol
FN:18,constructor
FN:27,decimals
FN:34,mint
FN:41,mintDollars
FN:48,faucet
FNF:5
FNH:1
FNDA:2,constructor
FNDA:0,decimals
FNDA:0,mint
FNDA:0,mintDollars
FNDA:0,faucet
DA:21,2
DA:28,0
DA:35,0
DA:42,0
DA:49,0
LF:5
LH:1
BRDA:34,1,0,0
BRDA:34,1,1,0
BRDA:41,2,0,0
BRDA:41,2,1,0
BRF:4
BRH:0
end_of_record
TN:
SF:/Users/psavelis/github.com/leetgaming-pro/replay-api/test/blockchain/contracts/paymaster/LeetPaymaster.sol
FN:79,constructor
FN:103,validatePaymasterUserOp
FN:161,postOp
FN:222,_decodePaymentMode
FN:227,_decodeTokenPayment
FN:233,_extractSignature
FN:238,_validateSponsorship
FN:257,_validateVerifyingSignature
FN:272,_calculateTokenCost
FN:284,configureSponsorship
FN:297,disableSponsorship
FN:301,addGasCredits
FN:306,setAcceptedToken
FN:312,removeAcceptedToken
FN:318,setTreasury
FN:323,setVerifyingSigner
FN:330,setMinTxInterval
FN:336,deposit
FN:340,withdrawETH
FN:346,withdrawToken
FN:352,getSponsorshipInfo
FN:372,getTokenPrice
FN:376,estimateTokenCost
FNF:23
FNH:23
FNDA:58,constructor
FNDA:19,validatePaymasterUserOp
FNDA:6,postOp
FNDA:18,_decodePaymentMode
FNDA:2,_decodeTokenPayment
FNDA:2,_extractSignature
FNDA:11,_validateSponsorship
FNDA:2,_validateVerifyingSignature
FNDA:2,_calculateTokenCost
FNDA:12,configureSponsorship
FNDA:1,disableSponsorship
FNDA:6,addGasCredits
FNDA:55,setAcceptedToken
FNDA:1,removeAcceptedToken
FNDA:2,setTreasury
FNDA:2,setVerifyingSigner
FNDA:3,setMinTxInterval
FNDA:1,deposit
FNDA:2,withdrawETH
FNDA:1,withdrawToken
FNDA:6,getSponsorshipInfo
FNDA:2,getTokenPrice
FNDA:1,estimateTokenCost
DA:80,58
DA:81,57
DA:82,56
DA:84,55
DA:85,55
DA:86,55
DA:88,55
DA:89,55
DA:90,55
DA:108,19
DA:112,18
DA:114,18
DA:115,17
DA:117,17
DA:119,11
DA:120,8
DA:124,2
DA:125,1
DA:129,2
DA:130,2
DA:134,1
DA:136,1
DA:140,2
DA:141,2
DA:142,1
DA:145,0
DA:149,11
DA:150,10
DA:152,10
DA:167,6
DA:169,5
DA:172,5
DA:174,3
DA:175,3
DA:176,3
DA:178,3
DA:182,1
DA:183,1
DA:187,1
DA:191,1
DA:194,1
DA:195,1
DA:199,1
DA:200,1
DA:202,1
DA:223,18
DA:224,18
DA:229,2
DA:230,2
DA:235,2
DA:239,11
DA:241,11
DA:244,10
DA:245,10
DA:246,1
DA:247,1
DA:251,10
DA:252,9
DA:254,8
DA:262,2
DA:268,2
DA:269,2
DA:273,2
DA:274,2
DA:285,12
DA:294,12
DA:298,1
DA:302,6
DA:303,6
DA:307,55
DA:308,55
DA:309,55
DA:313,1
DA:314,1
DA:315,1
DA:319,2
DA:320,1
DA:324,2
DA:325,1
DA:326,1
DA:327,1
DA:331,3
DA:341,2
DA:342,1
DA:343,1
DA:347,1
DA:359,6
DA:360,6
DA:361,6
DA:363,6
DA:373,2
DA:377,1
LF:92
LH:91
BRDA:80,1,0,57
BRDA:80,1,1,1
BRDA:81,2,0,56
BRDA:81,2,1,1
BRDA:82,3,0,55
BRDA:82,3,1,1
BRDA:108,4,0,18
BRDA:108,4,1,1
BRDA:117,5,0,11
BRDA:117,5,1,6
BRDA:119,6,0,8
BRDA:119,6,1,3
BRDA:122,7,0,2
BRDA:122,7,1,4
BRDA:124,8,0,1
BRDA:124,8,1,1
BRDA:127,9,0,2
BRDA:127,9,1,2
BRDA:130,10,0,1
BRDA:130,10,1,1
BRDA:138,11,0,2
BRDA:138,11,1,0
BRDA:141,12,0,1
BRDA:141,12,1,1
BRDA:149,13,0,10
BRDA:149,13,1,1
BRDA:167,14,0,5
BRDA:167,14,1,1
BRDA:172,15,0,3
BRDA:172,15,1,2
BRDA:180,16,0,1
BRDA:180,16,1,1
BRDA:185,17,0,1
BRDA:185,17,1,0
BRDA:194,18,0,1
BRDA:194,18,1,0
BRDA:223,19,0,0
BRDA:223,19,1,18
BRDA:241,20,0,1
BRDA:241,20,1,10
BRDA:245,21,0,1
BRDA:245,21,1,9
BRDA:251,22,0,1
BRDA:251,22,1,9
BRDA:252,23,0,1
BRDA:252,23,1,8
BRDA:284,24,0,12
BRDA:284,24,1,1
BRDA:297,25,0,1
BRDA:297,25,1,0
BRDA:301,26,0,6
BRDA:301,26,1,1
BRDA:306,27,0,55
BRDA:306,27,1,1
BRDA:312,28,0,1
BRDA:312,28,1,0
BRDA:318,29,0,2
BRDA:318,29,1,0
BRDA:319,30,0,1
BRDA:319,30,1,1
BRDA:323,31,0,2
BRDA:323,31,1,0
BRDA:324,32,0,1
BRDA:324,32,1,1
BRDA:330,33,0,3
BRDA:330,33,1,0
BRDA:340,34,0,2
BRDA:340,34,1,1
BRDA:341,35,0,1
BRDA:341,35,1,1
BRDA:343,36,0,1
BRDA:343,36,1,0
BRDA:346,37,0,1
BRDA:346,37,1,0
BRDA:361,38,0,2
BRDA:361,38,1,4
BRDA:368,39,0,6
BRDA:368,39,1,0
BRF:78
BRH:66
end_of_record
TN:
SF:/Users/psavelis/github.com/leetgaming-pro/replay-api/test/blockchain/contracts/test/TestHelpers.sol
FNF:0
FNH:0
LF:0
LH:0
BRF:0
BRH:0
end_of_record
